"M:/Magisterka/Midi_Project.uproject" 1
"../../../Engine/Plugins/2D/Paper2D/Paper2D.uplugin" 2
"../../../Engine/Plugins/Blendables/LightPropagationVolume/LightPropagationVolume.uplugin" 3
"../../../Engine/Plugins/Developer/BlankPlugin/BlankPlugin.uplugin" 4
"../../../Engine/Plugins/Developer/CodeLiteSourceCodeAccess/CodeLiteSourceCodeAccess.uplugin" 5
"../../../Engine/Plugins/Developer/GitSourceControl/GitSourceControl.uplugin" 6
"../../../Engine/Plugins/Developer/KDevelopSourceCodeAccess/KDevelopSourceCodeAccess.uplugin" 7
"../../../Engine/Plugins/Developer/NullSourceCodeAccess/NullSourceCodeAccess.uplugin" 8
"../../../Engine/Plugins/Developer/OneSkyLocalizationService/OneSkyLocalizationService.uplugin" 9
"../../../Engine/Plugins/Developer/PerforceSourceControl/PerforceSourceControl.uplugin" 10
"../../../Engine/Plugins/Developer/SubversionSourceControl/SubversionSourceControl.uplugin" 11
"../../../Engine/Plugins/Developer/UObjectPlugin/UObjectPlugin.uplugin" 12
"../../../Engine/Plugins/Developer/VisualStudioSourceCodeAccess/VisualStudioSourceCodeAccess.uplugin" 13
"../../../Engine/Plugins/Developer/XCodeSourceCodeAccess/XCodeSourceCodeAccess.uplugin" 14
"../../../Engine/Plugins/Editor/EpicSurvey/EpicSurvey.uplugin" 15
"../../../Engine/Plugins/Editor/MacGraphicsSwitching/MacGraphicsSwitching.uplugin" 16
"../../../Engine/Plugins/Editor/MobileLauncherProfileWizard/MobileLauncherProfileWizard.uplugin" 17
"../../../Engine/Plugins/Editor/PluginBrowser/PluginBrowser.uplugin" 18
"../../../Engine/Plugins/Editor/SpeedTreeImporter/SpeedTreeImporter.uplugin" 19
"../../../Engine/Plugins/Editor/SuperSearchEditor/SuperSearchEditor.uplugin" 20
"../../../Engine/Plugins/Experimental/AlembicImporter/AlembicImporter.uplugin" 21
"../../../Engine/Plugins/Experimental/BlueprintStats/BlueprintStats.uplugin" 22
"../../../Engine/Plugins/Experimental/CharacterAI/CharacterAI.uplugin" 23
"../../../Engine/Plugins/Experimental/CodeEditor/CodeEditor.uplugin" 24
"../../../Engine/Plugins/Experimental/CodeView/CodeView.uplugin" 25
"../../../Engine/Plugins/Experimental/HTML5Networking/HTML5Networking.uplugin" 26
"../../../Engine/Plugins/Experimental/LiveEditor/LiveEditor.uplugin" 27
"../../../Engine/Plugins/Experimental/OSVR/OSVR.uplugin" 28
"../../../Engine/Plugins/Experimental/Phya/Phya.uplugin" 29
"../../../Engine/Plugins/Experimental/SignificanceManager/SignificanceManager.uplugin" 30
"../../../Engine/Plugins/Experimental/SimpleHMD/SimpleHMD.uplugin" 31
"../../../Engine/Plugins/Experimental/StereoPanorama/StereoPanorama.uplugin" 32
"../../../Engine/Plugins/Experimental/StructBox/StructBox.uplugin" 33
"../../../Engine/Plugins/Marketplace/MidiAsset/MidiAsset.uplugin" 34
"../../../Engine/Plugins/Media/AndroidMedia/AndroidMedia.uplugin" 35
"../../../Engine/Plugins/Media/AvfMedia/AvfMedia.uplugin" 36
"../../../Engine/Plugins/Media/MediaPlayerEditor/MediaPlayerEditor.uplugin" 37
"../../../Engine/Plugins/Media/WmfMedia/WmfMedia.uplugin" 38
"../../../Engine/Plugins/Messaging/MessagingDebugger/MessagingDebugger.uplugin" 39
"../../../Engine/Plugins/Messaging/TcpMessaging/TcpMessaging.uplugin" 40
"../../../Engine/Plugins/Messaging/UdpMessaging/UdpMessaging.uplugin" 41
"../../../Engine/Plugins/MovieScene/LevelSequenceEditor/LevelSequenceEditor.uplugin" 42
"../../../Engine/Plugins/MovieScene/MatineeToLevelSequence/MatineeToLevelSequence.uplugin" 43
"../../../Engine/Plugins/NetcodeUnitTest/NetcodeUnitTest/NetcodeUnitTest.uplugin" 44
"../../../Engine/Plugins/NetcodeUnitTest/NUTUnrealEngine4/NUTUnrealEngine4.uplugin" 45
"../../../Engine/Plugins/Online/Android/OnlineSubsystemGooglePlay/OnlineSubsystemGooglePlay.uplugin" 46
"../../../Engine/Plugins/Online/IOS/OnlineSubsystemIOS/OnlineSubsystemIOS.uplugin" 47
"../../../Engine/Plugins/Online/OnlineFramework/OnlineFramework.uplugin" 48
"../../../Engine/Plugins/Online/OnlineSubsystem/OnlineSubsystem.uplugin" 49
"../../../Engine/Plugins/Online/OnlineSubsystemAmazon/OnlineSubsystemAmazon.uplugin" 50
"../../../Engine/Plugins/Online/OnlineSubsystemFacebook/OnlineSubsystemFacebook.uplugin" 51
"../../../Engine/Plugins/Online/OnlineSubsystemNull/OnlineSubsystemNull.uplugin" 52
"../../../Engine/Plugins/Online/OnlineSubsystemOculus/OnlineSubsystemOculus.uplugin" 53
"../../../Engine/Plugins/Online/OnlineSubsystemSteam/OnlineSubsystemSteam.uplugin" 54
"../../../Engine/Plugins/Online/OnlineSubsystemUtils/OnlineSubsystemUtils.uplugin" 55
"../../../Engine/Plugins/Runtime/Advertising/IOSTapJoy/IOSTapJoy.uplugin" 56
"../../../Engine/Plugins/Runtime/Analytics/AnalyticsBlueprintLibrary/AnalyticsBlueprintLibrary.uplugin" 57
"../../../Engine/Plugins/Runtime/Analytics/AnalyticsMulticast/AnalyticsMulticast.uplugin" 58
"../../../Engine/Plugins/Runtime/Analytics/Apsalar/Apsalar.uplugin" 59
"../../../Engine/Plugins/Runtime/Analytics/FileLogging/FileLogging.uplugin" 60
"../../../Engine/Plugins/Runtime/Analytics/Flurry/Flurry.uplugin" 61
"../../../Engine/Plugins/Runtime/AndroidDeviceProfileSelector/AndroidDeviceProfileSelector.uplugin" 62
"../../../Engine/Plugins/Runtime/AndroidMoviePlayer/AndroidMoviePlayer.uplugin" 63
"../../../Engine/Plugins/Runtime/AppleMoviePlayer/AppleMoviePlayer.uplugin" 64
"../../../Engine/Plugins/Runtime/ArchVisCharacter/ArchVisCharacter.uplugin" 65
"../../../Engine/Plugins/Runtime/CableComponent/CableComponent.uplugin" 66
"../../../Engine/Plugins/Runtime/CustomMeshComponent/CustomMeshComponent.uplugin" 67
"../../../Engine/Plugins/Runtime/ExampleDeviceProfileSelector/ExampleDeviceProfileSelector.uplugin" 68
"../../../Engine/Plugins/Runtime/GearVR/GearVR.uplugin" 69
"../../../Engine/Plugins/Runtime/GoogleVR/GoogleVRController/GoogleVRController.uplugin" 70
"../../../Engine/Plugins/Runtime/GoogleVR/GoogleVRHMD/GoogleVRHMD.uplugin" 71
"../../../Engine/Plugins/Runtime/IOSDeviceProfileSelector/IOSDeviceProfileSelector.uplugin" 72
"../../../Engine/Plugins/Runtime/LeapMotion/LeapMotion.uplugin" 73
"../../../Engine/Plugins/Runtime/LinuxDeviceProfileSelector/LinuxDeviceProfileSelector.uplugin" 74
"../../../Engine/Plugins/Runtime/LiveEditorListenServer/LiveEditorListenServer.uplugin" 75
"../../../Engine/Plugins/Runtime/OculusAudio/OculusAudio.uplugin" 76
"../../../Engine/Plugins/Runtime/OculusInput/OculusInput.uplugin" 77
"../../../Engine/Plugins/Runtime/OculusLibrary/OculusLibrary.uplugin" 78
"../../../Engine/Plugins/Runtime/OculusRift/OculusRift.uplugin" 79
"../../../Engine/Plugins/Runtime/PacketHandlers/CompressionComponents/Oodle/Oodle.uplugin" 80
"../../../Engine/Plugins/Runtime/ProceduralMeshComponent/ProceduralMeshComponent.uplugin" 81
"../../../Engine/Plugins/Runtime/SoundMod/SoundMod.uplugin" 82
"../../../Engine/Plugins/Runtime/SoundVisualizations/SoundVisualizations.uplugin" 83
"../../../Engine/Plugins/Runtime/Steam/SteamController/SteamController.uplugin" 84
"../../../Engine/Plugins/Runtime/Steam/SteamVR/SteamVR.uplugin" 85
"../../../Engine/Plugins/Runtime/TwitchLiveStreaming/TwitchLiveStreaming.uplugin" 86
"../../../Engine/Plugins/Runtime/WebBrowserWidget/WebBrowserWidget.uplugin" 87
"../../../Engine/Plugins/Runtime/WindowsDeviceProfileSelector/WindowsDeviceProfileSelector.uplugin" 88
"../../../Engine/Plugins/Runtime/WindowsMoviePlayer/WindowsMoviePlayer.uplugin" 89
"../../../Engine/Plugins/ScriptPlugin/ScriptPlugin.uplugin" 90
"../../../Engine/Plugins/Slate/SlateRemote/SlateRemote.uplugin" 91
"..\..\..\Engine\Content\Internationalization\icudt53l\cnvalias.icu" 92
"..\..\..\Engine\Content\Internationalization\icudt53l\res_index.res" 93
"..\..\..\Engine\Content\Internationalization\icudt53l\plurals.res" 94
"..\..\..\Engine\Content\Internationalization\icudt53l\lang\pl.res" 95
"..\..\..\Engine\Content\Internationalization\icudt53l\lang\pool.res" 96
"..\..\..\Engine\Content\Internationalization\icudt53l\lang\root.res" 97
"..\..\..\Engine\Content\Internationalization\icudt53l\region\pl.res" 98
"..\..\..\Engine\Content\Internationalization\icudt53l\region\pool.res" 99
"..\..\..\Engine\Content\Internationalization\icudt53l\region\root.res" 100
"..\..\..\Engine\Content\Internationalization\icudt53l\lang\en.res" 101
"..\..\..\Engine\Content\Internationalization\icudt53l\region\en.res" 102
"../../../Engine/Saved/Config/Windows/Manifest.ini" 103
"../../../Engine/Config/Base.ini" 104
"../../../Engine/Config/BaseEngine.ini" 105
"M:/Magisterka/Config/DefaultEngine.ini" 106
"../../../Engine/Config/Windows/WindowsEngine.ini" 107
"M:/Magisterka/Saved/Config/Windows/Engine.ini" 108
"../../../../Magisterka/Intermediate/Config/CoalescedSourceConfigs/Engine.ini" 109
"../../../Engine/Config/BaseGame.ini" 110
"M:/Magisterka/Config/DefaultGame.ini" 111
"M:/Magisterka/Saved/Config/Windows/Game.ini" 112
"../../../../Magisterka/Intermediate/Config/CoalescedSourceConfigs/Game.ini" 113
"../../../Engine/Config/BaseInput.ini" 114
"M:/Magisterka/Config/DefaultInput.ini" 115
"M:/Magisterka/Saved/Config/Windows/Input.ini" 116
"../../../../Magisterka/Intermediate/Config/CoalescedSourceConfigs/Input.ini" 117
"../../../Engine/Config/BaseEditor.ini" 118
"M:/Magisterka/Config/DefaultEditor.ini" 119
"M:/Magisterka/Saved/Config/Windows/Editor.ini" 120
"../../../../Magisterka/Intermediate/Config/CoalescedSourceConfigs/Editor.ini" 121
"../../../Engine/Config/BaseEditorPerProjectUserSettings.ini" 122
"M:/Magisterka/Saved/Config/Windows/EditorPerProjectUserSettings.ini" 123
"../../../../Magisterka/Intermediate/Config/CoalescedSourceConfigs/EditorPerProjectUserSettings.ini" 124
"../../../Engine/Config/BaseEditorSettings.ini" 125
"../../../Engine/Saved/Config/Windows/EditorSettings.ini" 126
"../../../../Magisterka/Intermediate/Config/CoalescedSourceConfigs/EditorSettings.ini" 127
"../../../Engine/Config/BaseEditorLayout.ini" 128
"../../../Engine/Saved/Config/Windows/EditorLayout.ini" 129
"../../../../Magisterka/Intermediate/Config/CoalescedSourceConfigs/EditorLayout.ini" 130
"../../../Engine/Config/BaseEditorKeyBindings.ini" 131
"../../../Engine/Saved/Config/Windows/EditorKeyBindings.ini" 132
"../../../../Magisterka/Intermediate/Config/CoalescedSourceConfigs/EditorKeyBindings.ini" 133
"../../../Engine/Config/BaseCompat.ini" 134
"M:/Magisterka/Saved/Config/Windows/Compat.ini" 135
"../../../../Magisterka/Intermediate/Config/CoalescedSourceConfigs/Compat.ini" 136
"../../../Engine/Config/BaseLightmass.ini" 137
"M:/Magisterka/Saved/Config/Windows/Lightmass.ini" 138
"../../../../Magisterka/Intermediate/Config/CoalescedSourceConfigs/Lightmass.ini" 139
"../../../Engine/Config/BaseScalability.ini" 140
"M:/Magisterka/Saved/Config/Windows/Scalability.ini" 141
"../../../../Magisterka/Intermediate/Config/CoalescedSourceConfigs/Scalability.ini" 142
"../../../Engine/Config/BaseHardware.ini" 143
"M:/Magisterka/Saved/Config/Windows/Hardware.ini" 144
"../../../../Magisterka/Intermediate/Config/CoalescedSourceConfigs/Hardware.ini" 145
"M:/Magisterka/Saved/Config/Windows/GameUserSettings.ini" 146
"../../../../Magisterka/Intermediate/Config/CoalescedSourceConfigs/GameUserSettings.ini" 147
"../../../Engine/Config/BaseDeviceProfiles.ini" 148
"M:/Magisterka/Saved/Config/Windows/DeviceProfiles.ini" 149
"../../../../Magisterka/Intermediate/Config/CoalescedSourceConfigs/DeviceProfiles.ini" 150
"../../../Engine/Config/ConsoleVariables.ini" 151
"..\..\..\Engine\Content\Internationalization\icudt53l\lang\ar.res" 152
"..\..\..\Engine\Content\Internationalization\icudt53l\lang\es.res" 153
"..\..\..\Engine\Content\Internationalization\icudt53l\lang\ja.res" 154
"..\..\..\Engine\Content\Internationalization\icudt53l\lang\ko.res" 155
"..\..\..\Engine\Content\Internationalization\icudt53l\lang\pt.res" 156
"..\..\..\Engine\Content\Internationalization\icudt53l\region\pt.res" 157
"..\..\..\Engine\Content\Internationalization\icudt53l\lang\zh_CN.res" 158
"..\..\..\Engine\Content\Internationalization\icudt53l\lang\zh_Hans_CN.res" 159
"..\..\..\Engine\Content\Internationalization\icudt53l\lang\zh_Hans.res" 160
"..\..\..\Engine\Content\Internationalization\icudt53l\lang\zh.res" 161
"..\..\..\Engine\Content\Internationalization\icudt53l\region\zh_CN.res" 162
"..\..\..\Engine\Content\Internationalization\icudt53l\region\zh_Hans_CN.res" 163
"..\..\..\Engine\Content\Internationalization\icudt53l\region\zh_Hans.res" 164
"..\..\..\Engine\Content\Internationalization\icudt53l\region\zh.res" 165
"M:/UE4/Engine/Content/Localization/Engine/en/Engine.locres" 166
"M:/UE4/Engine/Content/Localization/Editor/en/Editor.locres" 167
"M:/UE4/Engine/Content/Localization/EditorTutorials/en/EditorTutorials.locres" 168
"M:/UE4/Engine/Content/Localization/Keywords/en/Keywords.locres" 169
"M:/UE4/Engine/Content/Localization/Category/en/Category.locres" 170
"M:/UE4/Engine/Content/Localization/ToolTips/en/ToolTips.locres" 171
"M:/UE4/Engine/Content/Localization/PropertyNames/en/PropertyNames.locres" 172
"../../../Engine/Content/Slate/Fonts/Roboto-Regular.ttf" 173
"../../../Engine/Content/Slate/Fonts/DroidSansMono.ttf" 174
"../../../Engine/Content/Slate/Fonts/Roboto-Bold.ttf" 175
"../../../Engine/Content/Slate/Fonts/Roboto-Light.ttf" 176
"..\..\..\Engine\Content\Internationalization\icudt53l\lang\af.res" 177
"..\..\..\Engine\Content\Internationalization\icudt53l\region\af.res" 178
"..\..\..\Engine\Content\Internationalization\icudt53l\lang\agq.res" 179
"..\..\..\Engine\Content\Internationalization\icudt53l\region\agq.res" 180
"..\..\..\Engine\Content\Internationalization\icudt53l\lang\ak.res" 181
"..\..\..\Engine\Content\Internationalization\icudt53l\region\ak.res" 182
"..\..\..\Engine\Content\Internationalization\icudt53l\lang\am.res" 183
"..\..\..\Engine\Content\Internationalization\icudt53l\region\am.res" 184
"..\..\..\Engine\Content\Internationalization\icudt53l\region\ar.res" 185
"..\..\..\Engine\Content\Internationalization\icudt53l\lang\ar_EG.res" 186
"..\..\..\Engine\Content\Internationalization\icudt53l\lang\ar_LB.res" 187
"..\..\..\Engine\Content\Internationalization\icudt53l\lang\as.res" 188
"..\..\..\Engine\Content\Internationalization\icudt53l\region\as.res" 189
"..\..\..\Engine\Content\Internationalization\icudt53l\lang\asa.res" 190
"..\..\..\Engine\Content\Internationalization\icudt53l\region\asa.res" 191
"..\..\..\Engine\Content\Internationalization\icudt53l\lang\az.res" 192
"..\..\..\Engine\Content\Internationalization\icudt53l\lang\az_Cyrl.res" 193
"..\..\..\Engine\Content\Internationalization\icudt53l\lang\az_AZ.res" 194
"..\..\..\Engine\Content\Internationalization\icudt53l\lang\az_Latn_AZ.res" 195
"..\..\..\Engine\Content\Internationalization\icudt53l\lang\az_Latn.res" 196
"..\..\..\Engine\Content\Internationalization\icudt53l\region\az_AZ.res" 197
"..\..\..\Engine\Content\Internationalization\icudt53l\region\az_Latn_AZ.res" 198
"..\..\..\Engine\Content\Internationalization\icudt53l\region\az_Latn.res" 199
"..\..\..\Engine\Content\Internationalization\icudt53l\region\az.res" 200
"..\..\..\Engine\Content\Internationalization\icudt53l\region\az_Cyrl.res" 201
"..\..\..\Engine\Content\Internationalization\icudt53l\lang\bas.res" 202
"..\..\..\Engine\Content\Internationalization\icudt53l\region\bas.res" 203
"..\..\..\Engine\Content\Internationalization\icudt53l\lang\be.res" 204
"..\..\..\Engine\Content\Internationalization\icudt53l\region\be.res" 205
"..\..\..\Engine\Content\Internationalization\icudt53l\lang\bem.res" 206
"..\..\..\Engine\Content\Internationalization\icudt53l\region\bem.res" 207
"..\..\..\Engine\Content\Internationalization\icudt53l\lang\bez.res" 208
"..\..\..\Engine\Content\Internationalization\icudt53l\region\bez.res" 209
"..\..\..\Engine\Content\Internationalization\icudt53l\lang\bg.res" 210
"..\..\..\Engine\Content\Internationalization\icudt53l\region\bg.res" 211
"..\..\..\Engine\Content\Internationalization\icudt53l\lang\bm.res" 212
"..\..\..\Engine\Content\Internationalization\icudt53l\region\bm.res" 213
"..\..\..\Engine\Content\Internationalization\icudt53l\lang\bn.res" 214
"..\..\..\Engine\Content\Internationalization\icudt53l\region\bn.res" 215
"..\..\..\Engine\Content\Internationalization\icudt53l\lang\bn_IN.res" 216
"..\..\..\Engine\Content\Internationalization\icudt53l\region\bn_IN.res" 217
"..\..\..\Engine\Content\Internationalization\icudt53l\lang\bo.res" 218
"..\..\..\Engine\Content\Internationalization\icudt53l\region\bo.res" 219
"..\..\..\Engine\Content\Internationalization\icudt53l\region\bo_IN.res" 220
"..\..\..\Engine\Content\Internationalization\icudt53l\lang\br.res" 221
"..\..\..\Engine\Content\Internationalization\icudt53l\region\br.res" 222
"..\..\..\Engine\Content\Internationalization\icudt53l\lang\brx.res" 223
"..\..\..\Engine\Content\Internationalization\icudt53l\region\brx.res" 224
"..\..\..\Engine\Content\Internationalization\icudt53l\lang\bs.res" 225
"..\..\..\Engine\Content\Internationalization\icudt53l\lang\bs_Cyrl.res" 226
"..\..\..\Engine\Content\Internationalization\icudt53l\lang\bs_BA.res" 227
"..\..\..\Engine\Content\Internationalization\icudt53l\lang\bs_Latn_BA.res" 228
"..\..\..\Engine\Content\Internationalization\icudt53l\lang\bs_Latn.res" 229
"..\..\..\Engine\Content\Internationalization\icudt53l\region\bs_BA.res" 230
"..\..\..\Engine\Content\Internationalization\icudt53l\region\bs_Latn_BA.res" 231
"..\..\..\Engine\Content\Internationalization\icudt53l\region\bs_Latn.res" 232
"..\..\..\Engine\Content\Internationalization\icudt53l\region\bs.res" 233
"..\..\..\Engine\Content\Internationalization\icudt53l\region\bs_Cyrl.res" 234
"..\..\..\Engine\Content\Internationalization\icudt53l\lang\ca.res" 235
"..\..\..\Engine\Content\Internationalization\icudt53l\region\ca.res" 236
"..\..\..\Engine\Content\Internationalization\icudt53l\lang\cgg.res" 237
"..\..\..\Engine\Content\Internationalization\icudt53l\region\cgg.res" 238
"..\..\..\Engine\Content\Internationalization\icudt53l\lang\chr.res" 239
"..\..\..\Engine\Content\Internationalization\icudt53l\region\chr.res" 240
"..\..\..\Engine\Content\Internationalization\icudt53l\lang\cs.res" 241
"..\..\..\Engine\Content\Internationalization\icudt53l\region\cs.res" 242
"..\..\..\Engine\Content\Internationalization\icudt53l\lang\cy.res" 243
"..\..\..\Engine\Content\Internationalization\icudt53l\region\cy.res" 244
"..\..\..\Engine\Content\Internationalization\icudt53l\lang\da.res" 245
"..\..\..\Engine\Content\Internationalization\icudt53l\region\da.res" 246
"..\..\..\Engine\Content\Internationalization\icudt53l\lang\dav.res" 247
"..\..\..\Engine\Content\Internationalization\icudt53l\region\dav.res" 248
"..\..\..\Engine\Content\Internationalization\icudt53l\lang\de.res" 249
"..\..\..\Engine\Content\Internationalization\icudt53l\region\de.res" 250
"..\..\..\Engine\Content\Internationalization\icudt53l\lang\de_CH.res" 251
"..\..\..\Engine\Content\Internationalization\icudt53l\region\de_CH.res" 252
"..\..\..\Engine\Content\Internationalization\icudt53l\lang\dje.res" 253
"..\..\..\Engine\Content\Internationalization\icudt53l\region\dje.res" 254
"..\..\..\Engine\Content\Internationalization\icudt53l\lang\dua.res" 255
"..\..\..\Engine\Content\Internationalization\icudt53l\region\dua.res" 256
"..\..\..\Engine\Content\Internationalization\icudt53l\lang\dyo.res" 257
"..\..\..\Engine\Content\Internationalization\icudt53l\region\dyo.res" 258
"..\..\..\Engine\Content\Internationalization\icudt53l\lang\dz.res" 259
"..\..\..\Engine\Content\Internationalization\icudt53l\region\dz.res" 260
"..\..\..\Engine\Content\Internationalization\icudt53l\lang\ebu.res" 261
"..\..\..\Engine\Content\Internationalization\icudt53l\region\ebu.res" 262
"..\..\..\Engine\Content\Internationalization\icudt53l\lang\ee.res" 263
"..\..\..\Engine\Content\Internationalization\icudt53l\region\ee.res" 264
"..\..\..\Engine\Content\Internationalization\icudt53l\lang\el.res" 265
"..\..\..\Engine\Content\Internationalization\icudt53l\region\el.res" 266
"..\..\..\Engine\Content\Internationalization\icudt53l\lang\en_150.res" 267
"..\..\..\Engine\Content\Internationalization\icudt53l\lang\en_GB.res" 268
"..\..\..\Engine\Content\Internationalization\icudt53l\region\en_150.res" 269
"..\..\..\Engine\Content\Internationalization\icudt53l\region\en_GB.res" 270
"..\..\..\Engine\Content\Internationalization\icudt53l\lang\en_AG.res" 271
"..\..\..\Engine\Content\Internationalization\icudt53l\region\en_AG.res" 272
"..\..\..\Engine\Content\Internationalization\icudt53l\lang\en_AI.res" 273
"..\..\..\Engine\Content\Internationalization\icudt53l\region\en_AI.res" 274
"..\..\..\Engine\Content\Internationalization\icudt53l\lang\en_AU.res" 275
"..\..\..\Engine\Content\Internationalization\icudt53l\region\en_AU.res" 276
"..\..\..\Engine\Content\Internationalization\icudt53l\lang\en_BB.res" 277
"..\..\..\Engine\Content\Internationalization\icudt53l\region\en_BB.res" 278
"..\..\..\Engine\Content\Internationalization\icudt53l\lang\en_BE.res" 279
"..\..\..\Engine\Content\Internationalization\icudt53l\region\en_BE.res" 280
"..\..\..\Engine\Content\Internationalization\icudt53l\lang\en_BM.res" 281
"..\..\..\Engine\Content\Internationalization\icudt53l\region\en_BM.res" 282
"..\..\..\Engine\Content\Internationalization\icudt53l\lang\en_BS.res" 283
"..\..\..\Engine\Content\Internationalization\icudt53l\region\en_BS.res" 284
"..\..\..\Engine\Content\Internationalization\icudt53l\lang\en_BW.res" 285
"..\..\..\Engine\Content\Internationalization\icudt53l\region\en_BW.res" 286
"..\..\..\Engine\Content\Internationalization\icudt53l\lang\en_BZ.res" 287
"..\..\..\Engine\Content\Internationalization\icudt53l\region\en_BZ.res" 288
"..\..\..\Engine\Content\Internationalization\icudt53l\lang\en_CC.res" 289
"..\..\..\Engine\Content\Internationalization\icudt53l\region\en_CC.res" 290
"..\..\..\Engine\Content\Internationalization\icudt53l\lang\en_CK.res" 291
"..\..\..\Engine\Content\Internationalization\icudt53l\region\en_CK.res" 292
"..\..\..\Engine\Content\Internationalization\icudt53l\lang\en_CM.res" 293
"..\..\..\Engine\Content\Internationalization\icudt53l\region\en_CM.res" 294
"..\..\..\Engine\Content\Internationalization\icudt53l\lang\en_CX.res" 295
"..\..\..\Engine\Content\Internationalization\icudt53l\region\en_CX.res" 296
"..\..\..\Engine\Content\Internationalization\icudt53l\lang\en_DG.res" 297
"..\..\..\Engine\Content\Internationalization\icudt53l\region\en_DG.res" 298
"..\..\..\Engine\Content\Internationalization\icudt53l\lang\en_DM.res" 299
"..\..\..\Engine\Content\Internationalization\icudt53l\region\en_DM.res" 300
"..\..\..\Engine\Content\Internationalization\icudt53l\lang\en_ER.res" 301
"..\..\..\Engine\Content\Internationalization\icudt53l\region\en_ER.res" 302
"..\..\..\Engine\Content\Internationalization\icudt53l\lang\en_FJ.res" 303
"..\..\..\Engine\Content\Internationalization\icudt53l\region\en_FJ.res" 304
"..\..\..\Engine\Content\Internationalization\icudt53l\lang\en_FK.res" 305
"..\..\..\Engine\Content\Internationalization\icudt53l\region\en_FK.res" 306
"..\..\..\Engine\Content\Internationalization\icudt53l\lang\en_FM.res" 307
"..\..\..\Engine\Content\Internationalization\icudt53l\region\en_FM.res" 308
"..\..\..\Engine\Content\Internationalization\icudt53l\lang\en_GD.res" 309
"..\..\..\Engine\Content\Internationalization\icudt53l\region\en_GD.res" 310
"..\..\..\Engine\Content\Internationalization\icudt53l\lang\en_GG.res" 311
"..\..\..\Engine\Content\Internationalization\icudt53l\region\en_GG.res" 312
"..\..\..\Engine\Content\Internationalization\icudt53l\lang\en_GH.res" 313
"..\..\..\Engine\Content\Internationalization\icudt53l\region\en_GH.res" 314
"..\..\..\Engine\Content\Internationalization\icudt53l\lang\en_GI.res" 315
"..\..\..\Engine\Content\Internationalization\icudt53l\region\en_GI.res" 316
"..\..\..\Engine\Content\Internationalization\icudt53l\lang\en_GM.res" 317
"..\..\..\Engine\Content\Internationalization\icudt53l\region\en_GM.res" 318
"..\..\..\Engine\Content\Internationalization\icudt53l\lang\en_GY.res" 319
"..\..\..\Engine\Content\Internationalization\icudt53l\region\en_GY.res" 320
"..\..\..\Engine\Content\Internationalization\icudt53l\lang\en_HK.res" 321
"..\..\..\Engine\Content\Internationalization\icudt53l\region\en_HK.res" 322
"..\..\..\Engine\Content\Internationalization\icudt53l\lang\en_IE.res" 323
"..\..\..\Engine\Content\Internationalization\icudt53l\region\en_IE.res" 324
"..\..\..\Engine\Content\Internationalization\icudt53l\lang\en_IM.res" 325
"..\..\..\Engine\Content\Internationalization\icudt53l\region\en_IM.res" 326
"..\..\..\Engine\Content\Internationalization\icudt53l\lang\en_IN.res" 327
"..\..\..\Engine\Content\Internationalization\icudt53l\region\en_IN.res" 328
"..\..\..\Engine\Content\Internationalization\icudt53l\lang\en_IO.res" 329
"..\..\..\Engine\Content\Internationalization\icudt53l\region\en_IO.res" 330
"..\..\..\Engine\Content\Internationalization\icudt53l\lang\en_JE.res" 331
"..\..\..\Engine\Content\Internationalization\icudt53l\region\en_JE.res" 332
"..\..\..\Engine\Content\Internationalization\icudt53l\lang\en_JM.res" 333
"..\..\..\Engine\Content\Internationalization\icudt53l\region\en_JM.res" 334
"..\..\..\Engine\Content\Internationalization\icudt53l\lang\en_KE.res" 335
"..\..\..\Engine\Content\Internationalization\icudt53l\region\en_KE.res" 336
"..\..\..\Engine\Content\Internationalization\icudt53l\lang\en_KI.res" 337
"..\..\..\Engine\Content\Internationalization\icudt53l\region\en_KI.res" 338
"..\..\..\Engine\Content\Internationalization\icudt53l\lang\en_KN.res" 339
"..\..\..\Engine\Content\Internationalization\icudt53l\region\en_KN.res" 340
"..\..\..\Engine\Content\Internationalization\icudt53l\lang\en_KY.res" 341
"..\..\..\Engine\Content\Internationalization\icudt53l\region\en_KY.res" 342
"..\..\..\Engine\Content\Internationalization\icudt53l\lang\en_LC.res" 343
"..\..\..\Engine\Content\Internationalization\icudt53l\region\en_LC.res" 344
"..\..\..\Engine\Content\Internationalization\icudt53l\lang\en_LR.res" 345
"..\..\..\Engine\Content\Internationalization\icudt53l\region\en_LR.res" 346
"..\..\..\Engine\Content\Internationalization\icudt53l\lang\en_LS.res" 347
"..\..\..\Engine\Content\Internationalization\icudt53l\region\en_LS.res" 348
"..\..\..\Engine\Content\Internationalization\icudt53l\lang\en_MG.res" 349
"..\..\..\Engine\Content\Internationalization\icudt53l\region\en_MG.res" 350
"..\..\..\Engine\Content\Internationalization\icudt53l\lang\en_MO.res" 351
"..\..\..\Engine\Content\Internationalization\icudt53l\region\en_MO.res" 352
"..\..\..\Engine\Content\Internationalization\icudt53l\lang\en_MS.res" 353
"..\..\..\Engine\Content\Internationalization\icudt53l\region\en_MS.res" 354
"..\..\..\Engine\Content\Internationalization\icudt53l\lang\en_MT.res" 355
"..\..\..\Engine\Content\Internationalization\icudt53l\region\en_MT.res" 356
"..\..\..\Engine\Content\Internationalization\icudt53l\lang\en_MU.res" 357
"..\..\..\Engine\Content\Internationalization\icudt53l\region\en_MU.res" 358
"..\..\..\Engine\Content\Internationalization\icudt53l\lang\en_MW.res" 359
"..\..\..\Engine\Content\Internationalization\icudt53l\region\en_MW.res" 360
"..\..\..\Engine\Content\Internationalization\icudt53l\lang\en_NA.res" 361
"..\..\..\Engine\Content\Internationalization\icudt53l\region\en_NA.res" 362
"..\..\..\Engine\Content\Internationalization\icudt53l\lang\en_NF.res" 363
"..\..\..\Engine\Content\Internationalization\icudt53l\region\en_NF.res" 364
"..\..\..\Engine\Content\Internationalization\icudt53l\lang\en_NG.res" 365
"..\..\..\Engine\Content\Internationalization\icudt53l\region\en_NG.res" 366
"..\..\..\Engine\Content\Internationalization\icudt53l\lang\en_NR.res" 367
"..\..\..\Engine\Content\Internationalization\icudt53l\region\en_NR.res" 368
"..\..\..\Engine\Content\Internationalization\icudt53l\lang\en_NU.res" 369
"..\..\..\Engine\Content\Internationalization\icudt53l\region\en_NU.res" 370
"..\..\..\Engine\Content\Internationalization\icudt53l\lang\en_NZ.res" 371
"..\..\..\Engine\Content\Internationalization\icudt53l\region\en_NZ.res" 372
"..\..\..\Engine\Content\Internationalization\icudt53l\lang\en_PG.res" 373
"..\..\..\Engine\Content\Internationalization\icudt53l\region\en_PG.res" 374
"..\..\..\Engine\Content\Internationalization\icudt53l\lang\en_PH.res" 375
"..\..\..\Engine\Content\Internationalization\icudt53l\region\en_PH.res" 376
"..\..\..\Engine\Content\Internationalization\icudt53l\lang\en_PK.res" 377
"..\..\..\Engine\Content\Internationalization\icudt53l\region\en_PK.res" 378
"..\..\..\Engine\Content\Internationalization\icudt53l\lang\en_PN.res" 379
"..\..\..\Engine\Content\Internationalization\icudt53l\region\en_PN.res" 380
"..\..\..\Engine\Content\Internationalization\icudt53l\lang\en_PW.res" 381
"..\..\..\Engine\Content\Internationalization\icudt53l\region\en_PW.res" 382
"..\..\..\Engine\Content\Internationalization\icudt53l\lang\en_RW.res" 383
"..\..\..\Engine\Content\Internationalization\icudt53l\region\en_RW.res" 384
"..\..\..\Engine\Content\Internationalization\icudt53l\lang\en_SB.res" 385
"..\..\..\Engine\Content\Internationalization\icudt53l\region\en_SB.res" 386
"..\..\..\Engine\Content\Internationalization\icudt53l\lang\en_SC.res" 387
"..\..\..\Engine\Content\Internationalization\icudt53l\region\en_SC.res" 388
"..\..\..\Engine\Content\Internationalization\icudt53l\lang\en_SD.res" 389
"..\..\..\Engine\Content\Internationalization\icudt53l\region\en_SD.res" 390
"..\..\..\Engine\Content\Internationalization\icudt53l\lang\en_SG.res" 391
"..\..\..\Engine\Content\Internationalization\icudt53l\region\en_SG.res" 392
"..\..\..\Engine\Content\Internationalization\icudt53l\lang\en_SH.res" 393
"..\..\..\Engine\Content\Internationalization\icudt53l\region\en_SH.res" 394
"..\..\..\Engine\Content\Internationalization\icudt53l\lang\en_SL.res" 395
"..\..\..\Engine\Content\Internationalization\icudt53l\region\en_SL.res" 396
"..\..\..\Engine\Content\Internationalization\icudt53l\lang\en_SS.res" 397
"..\..\..\Engine\Content\Internationalization\icudt53l\region\en_SS.res" 398
"..\..\..\Engine\Content\Internationalization\icudt53l\lang\en_SX.res" 399
"..\..\..\Engine\Content\Internationalization\icudt53l\region\en_SX.res" 400
"..\..\..\Engine\Content\Internationalization\icudt53l\lang\en_SZ.res" 401
"..\..\..\Engine\Content\Internationalization\icudt53l\region\en_SZ.res" 402
"..\..\..\Engine\Content\Internationalization\icudt53l\lang\en_TC.res" 403
"..\..\..\Engine\Content\Internationalization\icudt53l\region\en_TC.res" 404
"..\..\..\Engine\Content\Internationalization\icudt53l\lang\en_TK.res" 405
"..\..\..\Engine\Content\Internationalization\icudt53l\region\en_TK.res" 406
"..\..\..\Engine\Content\Internationalization\icudt53l\lang\en_TO.res" 407
"..\..\..\Engine\Content\Internationalization\icudt53l\region\en_TO.res" 408
"..\..\..\Engine\Content\Internationalization\icudt53l\lang\en_TT.res" 409
"..\..\..\Engine\Content\Internationalization\icudt53l\region\en_TT.res" 410
"..\..\..\Engine\Content\Internationalization\icudt53l\lang\en_TV.res" 411
"..\..\..\Engine\Content\Internationalization\icudt53l\region\en_TV.res" 412
"..\..\..\Engine\Content\Internationalization\icudt53l\lang\en_TZ.res" 413
"..\..\..\Engine\Content\Internationalization\icudt53l\region\en_TZ.res" 414
"..\..\..\Engine\Content\Internationalization\icudt53l\lang\en_UG.res" 415
"..\..\..\Engine\Content\Internationalization\icudt53l\region\en_UG.res" 416
"..\..\..\Engine\Content\Internationalization\icudt53l\lang\en_VC.res" 417
"..\..\..\Engine\Content\Internationalization\icudt53l\region\en_VC.res" 418
"..\..\..\Engine\Content\Internationalization\icudt53l\lang\en_VG.res" 419
"..\..\..\Engine\Content\Internationalization\icudt53l\region\en_VG.res" 420
"..\..\..\Engine\Content\Internationalization\icudt53l\lang\en_VU.res" 421
"..\..\..\Engine\Content\Internationalization\icudt53l\region\en_VU.res" 422
"..\..\..\Engine\Content\Internationalization\icudt53l\lang\en_WS.res" 423
"..\..\..\Engine\Content\Internationalization\icudt53l\region\en_WS.res" 424
"..\..\..\Engine\Content\Internationalization\icudt53l\lang\en_ZA.res" 425
"..\..\..\Engine\Content\Internationalization\icudt53l\region\en_ZA.res" 426
"..\..\..\Engine\Content\Internationalization\icudt53l\lang\en_ZM.res" 427
"..\..\..\Engine\Content\Internationalization\icudt53l\region\en_ZM.res" 428
"..\..\..\Engine\Content\Internationalization\icudt53l\lang\en_ZW.res" 429
"..\..\..\Engine\Content\Internationalization\icudt53l\region\en_ZW.res" 430
"..\..\..\Engine\Content\Internationalization\icudt53l\lang\eo.res" 431
"..\..\..\Engine\Content\Internationalization\icudt53l\lang\es_419.res" 432
"..\..\..\Engine\Content\Internationalization\icudt53l\region\es.res" 433
"..\..\..\Engine\Content\Internationalization\icudt53l\lang\es_AR.res" 434
"..\..\..\Engine\Content\Internationalization\icudt53l\region\es_AR.res" 435
"..\..\..\Engine\Content\Internationalization\icudt53l\lang\es_BO.res" 436
"..\..\..\Engine\Content\Internationalization\icudt53l\region\es_BO.res" 437
"..\..\..\Engine\Content\Internationalization\icudt53l\lang\es_CL.res" 438
"..\..\..\Engine\Content\Internationalization\icudt53l\region\es_CL.res" 439
"..\..\..\Engine\Content\Internationalization\icudt53l\lang\es_CO.res" 440
"..\..\..\Engine\Content\Internationalization\icudt53l\region\es_CO.res" 441
"..\..\..\Engine\Content\Internationalization\icudt53l\lang\es_CR.res" 442
"..\..\..\Engine\Content\Internationalization\icudt53l\region\es_CR.res" 443
"..\..\..\Engine\Content\Internationalization\icudt53l\lang\es_CU.res" 444
"..\..\..\Engine\Content\Internationalization\icudt53l\region\es_CU.res" 445
"..\..\..\Engine\Content\Internationalization\icudt53l\lang\es_DO.res" 446
"..\..\..\Engine\Content\Internationalization\icudt53l\region\es_DO.res" 447
"..\..\..\Engine\Content\Internationalization\icudt53l\lang\es_EC.res" 448
"..\..\..\Engine\Content\Internationalization\icudt53l\region\es_EC.res" 449
"..\..\..\Engine\Content\Internationalization\icudt53l\lang\es_GT.res" 450
"..\..\..\Engine\Content\Internationalization\icudt53l\region\es_GT.res" 451
"..\..\..\Engine\Content\Internationalization\icudt53l\lang\es_HN.res" 452
"..\..\..\Engine\Content\Internationalization\icudt53l\region\es_HN.res" 453
"..\..\..\Engine\Content\Internationalization\icudt53l\lang\es_MX.res" 454
"..\..\..\Engine\Content\Internationalization\icudt53l\region\es_MX.res" 455
"..\..\..\Engine\Content\Internationalization\icudt53l\lang\es_NI.res" 456
"..\..\..\Engine\Content\Internationalization\icudt53l\region\es_NI.res" 457
"..\..\..\Engine\Content\Internationalization\icudt53l\lang\es_PA.res" 458
"..\..\..\Engine\Content\Internationalization\icudt53l\region\es_PA.res" 459
"..\..\..\Engine\Content\Internationalization\icudt53l\lang\es_PE.res" 460
"..\..\..\Engine\Content\Internationalization\icudt53l\region\es_PE.res" 461
"..\..\..\Engine\Content\Internationalization\icudt53l\lang\es_PR.res" 462
"..\..\..\Engine\Content\Internationalization\icudt53l\region\es_PR.res" 463
"..\..\..\Engine\Content\Internationalization\icudt53l\lang\es_PY.res" 464
"..\..\..\Engine\Content\Internationalization\icudt53l\region\es_PY.res" 465
"..\..\..\Engine\Content\Internationalization\icudt53l\lang\es_SV.res" 466
"..\..\..\Engine\Content\Internationalization\icudt53l\region\es_SV.res" 467
"..\..\..\Engine\Content\Internationalization\icudt53l\lang\es_US.res" 468
"..\..\..\Engine\Content\Internationalization\icudt53l\region\es_US.res" 469
"..\..\..\Engine\Content\Internationalization\icudt53l\lang\es_UY.res" 470
"..\..\..\Engine\Content\Internationalization\icudt53l\region\es_UY.res" 471
"..\..\..\Engine\Content\Internationalization\icudt53l\lang\es_VE.res" 472
"..\..\..\Engine\Content\Internationalization\icudt53l\region\es_VE.res" 473
"..\..\..\Engine\Content\Internationalization\icudt53l\lang\et.res" 474
"..\..\..\Engine\Content\Internationalization\icudt53l\region\et.res" 475
"..\..\..\Engine\Content\Internationalization\icudt53l\lang\eu.res" 476
"..\..\..\Engine\Content\Internationalization\icudt53l\region\eu.res" 477
"..\..\..\Engine\Content\Internationalization\icudt53l\lang\ewo.res" 478
"..\..\..\Engine\Content\Internationalization\icudt53l\region\ewo.res" 479
"..\..\..\Engine\Content\Internationalization\icudt53l\lang\fa.res" 480
"..\..\..\Engine\Content\Internationalization\icudt53l\lang\fa_AF.res" 481
"..\..\..\Engine\Content\Internationalization\icudt53l\region\fa_AF.res" 482
"..\..\..\Engine\Content\Internationalization\icudt53l\region\fa.res" 483
"..\..\..\Engine\Content\Internationalization\icudt53l\lang\ff.res" 484
"..\..\..\Engine\Content\Internationalization\icudt53l\region\ff.res" 485
"..\..\..\Engine\Content\Internationalization\icudt53l\lang\fi.res" 486
"..\..\..\Engine\Content\Internationalization\icudt53l\region\fi.res" 487
"..\..\..\Engine\Content\Internationalization\icudt53l\lang\fil.res" 488
"..\..\..\Engine\Content\Internationalization\icudt53l\lang\fil_PH.res" 489
"..\..\..\Engine\Content\Internationalization\icudt53l\region\fil_PH.res" 490
"..\..\..\Engine\Content\Internationalization\icudt53l\region\fil.res" 491
"..\..\..\Engine\Content\Internationalization\icudt53l\lang\fo.res" 492
"..\..\..\Engine\Content\Internationalization\icudt53l\region\fo.res" 493
"..\..\..\Engine\Content\Internationalization\icudt53l\lang\fr.res" 494
"..\..\..\Engine\Content\Internationalization\icudt53l\region\fr.res" 495
"..\..\..\Engine\Content\Internationalization\icudt53l\lang\fr_CA.res" 496
"..\..\..\Engine\Content\Internationalization\icudt53l\region\fr_CA.res" 497
"..\..\..\Engine\Content\Internationalization\icudt53l\lang\ga.res" 498
"..\..\..\Engine\Content\Internationalization\icudt53l\region\ga.res" 499
"..\..\..\Engine\Content\Internationalization\icudt53l\lang\gl.res" 500
"..\..\..\Engine\Content\Internationalization\icudt53l\region\gl.res" 501
"..\..\..\Engine\Content\Internationalization\icudt53l\lang\gsw.res" 502
"..\..\..\Engine\Content\Internationalization\icudt53l\region\gsw.res" 503
"..\..\..\Engine\Content\Internationalization\icudt53l\lang\gu.res" 504
"..\..\..\Engine\Content\Internationalization\icudt53l\region\gu.res" 505
"..\..\..\Engine\Content\Internationalization\icudt53l\lang\guz.res" 506
"..\..\..\Engine\Content\Internationalization\icudt53l\region\guz.res" 507
"..\..\..\Engine\Content\Internationalization\icudt53l\lang\gv.res" 508
"..\..\..\Engine\Content\Internationalization\icudt53l\region\gv.res" 509
"..\..\..\Engine\Content\Internationalization\icudt53l\lang\ha.res" 510
"..\..\..\Engine\Content\Internationalization\icudt53l\lang\ha_Latn.res" 511
"..\..\..\Engine\Content\Internationalization\icudt53l\lang\ha_GH.res" 512
"..\..\..\Engine\Content\Internationalization\icudt53l\lang\ha_Latn_GH.res" 513
"..\..\..\Engine\Content\Internationalization\icudt53l\region\ha_GH.res" 514
"..\..\..\Engine\Content\Internationalization\icudt53l\region\ha_Latn_GH.res" 515
"..\..\..\Engine\Content\Internationalization\icudt53l\region\ha_Latn.res" 516
"..\..\..\Engine\Content\Internationalization\icudt53l\region\ha.res" 517
"..\..\..\Engine\Content\Internationalization\icudt53l\lang\ha_NE.res" 518
"..\..\..\Engine\Content\Internationalization\icudt53l\lang\ha_Latn_NE.res" 519
"..\..\..\Engine\Content\Internationalization\icudt53l\region\ha_NE.res" 520
"..\..\..\Engine\Content\Internationalization\icudt53l\region\ha_Latn_NE.res" 521
"..\..\..\Engine\Content\Internationalization\icudt53l\lang\ha_NG.res" 522
"..\..\..\Engine\Content\Internationalization\icudt53l\lang\ha_Latn_NG.res" 523
"..\..\..\Engine\Content\Internationalization\icudt53l\region\ha_NG.res" 524
"..\..\..\Engine\Content\Internationalization\icudt53l\region\ha_Latn_NG.res" 525
"..\..\..\Engine\Content\Internationalization\icudt53l\lang\haw.res" 526
"..\..\..\Engine\Content\Internationalization\icudt53l\region\haw.res" 527
"..\..\..\Engine\Content\Internationalization\icudt53l\lang\he.res" 528
"..\..\..\Engine\Content\Internationalization\icudt53l\lang\he_IL.res" 529
"..\..\..\Engine\Content\Internationalization\icudt53l\region\he_IL.res" 530
"..\..\..\Engine\Content\Internationalization\icudt53l\region\he.res" 531
"..\..\..\Engine\Content\Internationalization\icudt53l\lang\hi.res" 532
"..\..\..\Engine\Content\Internationalization\icudt53l\region\hi.res" 533
"..\..\..\Engine\Content\Internationalization\icudt53l\lang\hr.res" 534
"..\..\..\Engine\Content\Internationalization\icudt53l\region\hr.res" 535
"..\..\..\Engine\Content\Internationalization\icudt53l\lang\hu.res" 536
"..\..\..\Engine\Content\Internationalization\icudt53l\region\hu.res" 537
"..\..\..\Engine\Content\Internationalization\icudt53l\lang\hy.res" 538
"..\..\..\Engine\Content\Internationalization\icudt53l\region\hy.res" 539
"..\..\..\Engine\Content\Internationalization\icudt53l\lang\id.res" 540
"..\..\..\Engine\Content\Internationalization\icudt53l\lang\id_ID.res" 541
"..\..\..\Engine\Content\Internationalization\icudt53l\region\id_ID.res" 542
"..\..\..\Engine\Content\Internationalization\icudt53l\region\id.res" 543
"..\..\..\Engine\Content\Internationalization\icudt53l\lang\ig.res" 544
"..\..\..\Engine\Content\Internationalization\icudt53l\region\ig.res" 545
"..\..\..\Engine\Content\Internationalization\icudt53l\lang\ii.res" 546
"..\..\..\Engine\Content\Internationalization\icudt53l\region\ii.res" 547
"..\..\..\Engine\Content\Internationalization\icudt53l\lang\is.res" 548
"..\..\..\Engine\Content\Internationalization\icudt53l\region\is.res" 549
"..\..\..\Engine\Content\Internationalization\icudt53l\lang\it.res" 550
"..\..\..\Engine\Content\Internationalization\icudt53l\region\it.res" 551
"..\..\..\Engine\Content\Internationalization\icudt53l\lang\ja_JP.res" 552
"..\..\..\Engine\Content\Internationalization\icudt53l\region\ja_JP.res" 553
"..\..\..\Engine\Content\Internationalization\icudt53l\region\ja.res" 554
"..\..\..\Engine\Content\Internationalization\icudt53l\lang\jgo.res" 555
"..\..\..\Engine\Content\Internationalization\icudt53l\region\jgo.res" 556
"..\..\..\Engine\Content\Internationalization\icudt53l\lang\jmc.res" 557
"..\..\..\Engine\Content\Internationalization\icudt53l\region\jmc.res" 558
"..\..\..\Engine\Content\Internationalization\icudt53l\lang\ka.res" 559
"..\..\..\Engine\Content\Internationalization\icudt53l\region\ka.res" 560
"..\..\..\Engine\Content\Internationalization\icudt53l\lang\kab.res" 561
"..\..\..\Engine\Content\Internationalization\icudt53l\region\kab.res" 562
"..\..\..\Engine\Content\Internationalization\icudt53l\lang\kam.res" 563
"..\..\..\Engine\Content\Internationalization\icudt53l\region\kam.res" 564
"..\..\..\Engine\Content\Internationalization\icudt53l\lang\kde.res" 565
"..\..\..\Engine\Content\Internationalization\icudt53l\region\kde.res" 566
"..\..\..\Engine\Content\Internationalization\icudt53l\lang\kea.res" 567
"..\..\..\Engine\Content\Internationalization\icudt53l\region\kea.res" 568
"..\..\..\Engine\Content\Internationalization\icudt53l\lang\khq.res" 569
"..\..\..\Engine\Content\Internationalization\icudt53l\region\khq.res" 570
"..\..\..\Engine\Content\Internationalization\icudt53l\lang\ki.res" 571
"..\..\..\Engine\Content\Internationalization\icudt53l\region\ki.res" 572
"..\..\..\Engine\Content\Internationalization\icudt53l\lang\kk.res" 573
"..\..\..\Engine\Content\Internationalization\icudt53l\lang\kk_Cyrl.res" 574
"..\..\..\Engine\Content\Internationalization\icudt53l\lang\kk_KZ.res" 575
"..\..\..\Engine\Content\Internationalization\icudt53l\lang\kk_Cyrl_KZ.res" 576
"..\..\..\Engine\Content\Internationalization\icudt53l\region\kk_KZ.res" 577
"..\..\..\Engine\Content\Internationalization\icudt53l\region\kk_Cyrl_KZ.res" 578
"..\..\..\Engine\Content\Internationalization\icudt53l\region\kk_Cyrl.res" 579
"..\..\..\Engine\Content\Internationalization\icudt53l\region\kk.res" 580
"..\..\..\Engine\Content\Internationalization\icudt53l\lang\kkj.res" 581
"..\..\..\Engine\Content\Internationalization\icudt53l\region\kkj.res" 582
"..\..\..\Engine\Content\Internationalization\icudt53l\lang\kl.res" 583
"..\..\..\Engine\Content\Internationalization\icudt53l\region\kl.res" 584
"..\..\..\Engine\Content\Internationalization\icudt53l\lang\kln.res" 585
"..\..\..\Engine\Content\Internationalization\icudt53l\region\kln.res" 586
"..\..\..\Engine\Content\Internationalization\icudt53l\lang\km.res" 587
"..\..\..\Engine\Content\Internationalization\icudt53l\region\km.res" 588
"..\..\..\Engine\Content\Internationalization\icudt53l\lang\kn.res" 589
"..\..\..\Engine\Content\Internationalization\icudt53l\region\kn.res" 590
"..\..\..\Engine\Content\Internationalization\icudt53l\region\ko.res" 591
"..\..\..\Engine\Content\Internationalization\icudt53l\lang\kok.res" 592
"..\..\..\Engine\Content\Internationalization\icudt53l\region\kok.res" 593
"..\..\..\Engine\Content\Internationalization\icudt53l\lang\ks.res" 594
"..\..\..\Engine\Content\Internationalization\icudt53l\lang\ks_Arab.res" 595
"..\..\..\Engine\Content\Internationalization\icudt53l\lang\ks_IN.res" 596
"..\..\..\Engine\Content\Internationalization\icudt53l\lang\ks_Arab_IN.res" 597
"..\..\..\Engine\Content\Internationalization\icudt53l\region\ks_IN.res" 598
"..\..\..\Engine\Content\Internationalization\icudt53l\region\ks_Arab_IN.res" 599
"..\..\..\Engine\Content\Internationalization\icudt53l\region\ks_Arab.res" 600
"..\..\..\Engine\Content\Internationalization\icudt53l\region\ks.res" 601
"..\..\..\Engine\Content\Internationalization\icudt53l\lang\ksb.res" 602
"..\..\..\Engine\Content\Internationalization\icudt53l\region\ksb.res" 603
"..\..\..\Engine\Content\Internationalization\icudt53l\lang\ksf.res" 604
"..\..\..\Engine\Content\Internationalization\icudt53l\region\ksf.res" 605
"..\..\..\Engine\Content\Internationalization\icudt53l\lang\kw.res" 606
"..\..\..\Engine\Content\Internationalization\icudt53l\region\kw.res" 607
"..\..\..\Engine\Content\Internationalization\icudt53l\lang\ky.res" 608
"..\..\..\Engine\Content\Internationalization\icudt53l\lang\ky_Cyrl.res" 609
"..\..\..\Engine\Content\Internationalization\icudt53l\lang\ky_KG.res" 610
"..\..\..\Engine\Content\Internationalization\icudt53l\lang\ky_Cyrl_KG.res" 611
"..\..\..\Engine\Content\Internationalization\icudt53l\region\ky_KG.res" 612
"..\..\..\Engine\Content\Internationalization\icudt53l\region\ky_Cyrl_KG.res" 613
"..\..\..\Engine\Content\Internationalization\icudt53l\region\ky_Cyrl.res" 614
"..\..\..\Engine\Content\Internationalization\icudt53l\region\ky.res" 615
"..\..\..\Engine\Content\Internationalization\icudt53l\lang\lag.res" 616
"..\..\..\Engine\Content\Internationalization\icudt53l\region\lag.res" 617
"..\..\..\Engine\Content\Internationalization\icudt53l\lang\leet.res" 618
"..\..\..\Engine\Content\Internationalization\icudt53l\lang\lg.res" 619
"..\..\..\Engine\Content\Internationalization\icudt53l\region\lg.res" 620
"..\..\..\Engine\Content\Internationalization\icudt53l\lang\lkt.res" 621
"..\..\..\Engine\Content\Internationalization\icudt53l\region\lkt.res" 622
"..\..\..\Engine\Content\Internationalization\icudt53l\lang\ln.res" 623
"..\..\..\Engine\Content\Internationalization\icudt53l\region\ln.res" 624
"..\..\..\Engine\Content\Internationalization\icudt53l\lang\lo.res" 625
"..\..\..\Engine\Content\Internationalization\icudt53l\region\lo.res" 626
"..\..\..\Engine\Content\Internationalization\icudt53l\lang\lt.res" 627
"..\..\..\Engine\Content\Internationalization\icudt53l\region\lt.res" 628
"..\..\..\Engine\Content\Internationalization\icudt53l\lang\lu.res" 629
"..\..\..\Engine\Content\Internationalization\icudt53l\region\lu.res" 630
"..\..\..\Engine\Content\Internationalization\icudt53l\lang\luo.res" 631
"..\..\..\Engine\Content\Internationalization\icudt53l\region\luo.res" 632
"..\..\..\Engine\Content\Internationalization\icudt53l\lang\luy.res" 633
"..\..\..\Engine\Content\Internationalization\icudt53l\region\luy.res" 634
"..\..\..\Engine\Content\Internationalization\icudt53l\lang\lv.res" 635
"..\..\..\Engine\Content\Internationalization\icudt53l\region\lv.res" 636
"..\..\..\Engine\Content\Internationalization\icudt53l\lang\mas.res" 637
"..\..\..\Engine\Content\Internationalization\icudt53l\region\mas.res" 638
"..\..\..\Engine\Content\Internationalization\icudt53l\lang\mer.res" 639
"..\..\..\Engine\Content\Internationalization\icudt53l\region\mer.res" 640
"..\..\..\Engine\Content\Internationalization\icudt53l\lang\mfe.res" 641
"..\..\..\Engine\Content\Internationalization\icudt53l\region\mfe.res" 642
"..\..\..\Engine\Content\Internationalization\icudt53l\lang\mg.res" 643
"..\..\..\Engine\Content\Internationalization\icudt53l\region\mg.res" 644
"..\..\..\Engine\Content\Internationalization\icudt53l\lang\mgh.res" 645
"..\..\..\Engine\Content\Internationalization\icudt53l\region\mgh.res" 646
"..\..\..\Engine\Content\Internationalization\icudt53l\lang\mgo.res" 647
"..\..\..\Engine\Content\Internationalization\icudt53l\region\mgo.res" 648
"..\..\..\Engine\Content\Internationalization\icudt53l\lang\mk.res" 649
"..\..\..\Engine\Content\Internationalization\icudt53l\region\mk.res" 650
"..\..\..\Engine\Content\Internationalization\icudt53l\lang\ml.res" 651
"..\..\..\Engine\Content\Internationalization\icudt53l\region\ml.res" 652
"..\..\..\Engine\Content\Internationalization\icudt53l\lang\mn.res" 653
"..\..\..\Engine\Content\Internationalization\icudt53l\lang\mn_Cyrl.res" 654
"..\..\..\Engine\Content\Internationalization\icudt53l\lang\mn_MN.res" 655
"..\..\..\Engine\Content\Internationalization\icudt53l\lang\mn_Cyrl_MN.res" 656
"..\..\..\Engine\Content\Internationalization\icudt53l\region\mn_MN.res" 657
"..\..\..\Engine\Content\Internationalization\icudt53l\region\mn_Cyrl_MN.res" 658
"..\..\..\Engine\Content\Internationalization\icudt53l\region\mn_Cyrl.res" 659
"..\..\..\Engine\Content\Internationalization\icudt53l\region\mn.res" 660
"..\..\..\Engine\Content\Internationalization\icudt53l\lang\mr.res" 661
"..\..\..\Engine\Content\Internationalization\icudt53l\region\mr.res" 662
"..\..\..\Engine\Content\Internationalization\icudt53l\lang\ms.res" 663
"..\..\..\Engine\Content\Internationalization\icudt53l\lang\ms_Latn.res" 664
"..\..\..\Engine\Content\Internationalization\icudt53l\lang\ms_BN.res" 665
"..\..\..\Engine\Content\Internationalization\icudt53l\lang\ms_Latn_BN.res" 666
"..\..\..\Engine\Content\Internationalization\icudt53l\region\ms_BN.res" 667
"..\..\..\Engine\Content\Internationalization\icudt53l\region\ms_Latn_BN.res" 668
"..\..\..\Engine\Content\Internationalization\icudt53l\region\ms_Latn.res" 669
"..\..\..\Engine\Content\Internationalization\icudt53l\region\ms.res" 670
"..\..\..\Engine\Content\Internationalization\icudt53l\lang\ms_MY.res" 671
"..\..\..\Engine\Content\Internationalization\icudt53l\lang\ms_Latn_MY.res" 672
"..\..\..\Engine\Content\Internationalization\icudt53l\region\ms_MY.res" 673
"..\..\..\Engine\Content\Internationalization\icudt53l\region\ms_Latn_MY.res" 674
"..\..\..\Engine\Content\Internationalization\icudt53l\lang\ms_SG.res" 675
"..\..\..\Engine\Content\Internationalization\icudt53l\lang\ms_Latn_SG.res" 676
"..\..\..\Engine\Content\Internationalization\icudt53l\region\ms_SG.res" 677
"..\..\..\Engine\Content\Internationalization\icudt53l\region\ms_Latn_SG.res" 678
"..\..\..\Engine\Content\Internationalization\icudt53l\lang\mt.res" 679
"..\..\..\Engine\Content\Internationalization\icudt53l\region\mt.res" 680
"..\..\..\Engine\Content\Internationalization\icudt53l\lang\mua.res" 681
"..\..\..\Engine\Content\Internationalization\icudt53l\region\mua.res" 682
"..\..\..\Engine\Content\Internationalization\icudt53l\lang\my.res" 683
"..\..\..\Engine\Content\Internationalization\icudt53l\region\my.res" 684
"..\..\..\Engine\Content\Internationalization\icudt53l\lang\naq.res" 685
"..\..\..\Engine\Content\Internationalization\icudt53l\region\naq.res" 686
"..\..\..\Engine\Content\Internationalization\icudt53l\lang\nb.res" 687
"..\..\..\Engine\Content\Internationalization\icudt53l\lang\nb_NO.res" 688
"..\..\..\Engine\Content\Internationalization\icudt53l\region\nb_NO.res" 689
"..\..\..\Engine\Content\Internationalization\icudt53l\region\nb.res" 690
"..\..\..\Engine\Content\Internationalization\icudt53l\lang\nd.res" 691
"..\..\..\Engine\Content\Internationalization\icudt53l\region\nd.res" 692
"..\..\..\Engine\Content\Internationalization\icudt53l\lang\ne.res" 693
"..\..\..\Engine\Content\Internationalization\icudt53l\region\ne.res" 694
"..\..\..\Engine\Content\Internationalization\icudt53l\lang\nl.res" 695
"..\..\..\Engine\Content\Internationalization\icudt53l\region\nl.res" 696
"..\..\..\Engine\Content\Internationalization\icudt53l\lang\nl_BE.res" 697
"..\..\..\Engine\Content\Internationalization\icudt53l\region\nl_BE.res" 698
"..\..\..\Engine\Content\Internationalization\icudt53l\lang\nmg.res" 699
"..\..\..\Engine\Content\Internationalization\icudt53l\region\nmg.res" 700
"..\..\..\Engine\Content\Internationalization\icudt53l\lang\nn.res" 701
"..\..\..\Engine\Content\Internationalization\icudt53l\lang\nn_NO.res" 702
"..\..\..\Engine\Content\Internationalization\icudt53l\region\nn_NO.res" 703
"..\..\..\Engine\Content\Internationalization\icudt53l\region\nn.res" 704
"..\..\..\Engine\Content\Internationalization\icudt53l\lang\nnh.res" 705
"..\..\..\Engine\Content\Internationalization\icudt53l\region\nnh.res" 706
"..\..\..\Engine\Content\Internationalization\icudt53l\lang\nus.res" 707
"..\..\..\Engine\Content\Internationalization\icudt53l\region\nus.res" 708
"..\..\..\Engine\Content\Internationalization\icudt53l\lang\nyn.res" 709
"..\..\..\Engine\Content\Internationalization\icudt53l\region\nyn.res" 710
"..\..\..\Engine\Content\Internationalization\icudt53l\lang\om.res" 711
"..\..\..\Engine\Content\Internationalization\icudt53l\region\om.res" 712
"..\..\..\Engine\Content\Internationalization\icudt53l\lang\or.res" 713
"..\..\..\Engine\Content\Internationalization\icudt53l\region\or.res" 714
"..\..\..\Engine\Content\Internationalization\icudt53l\lang\pa.res" 715
"..\..\..\Engine\Content\Internationalization\icudt53l\lang\pa_Arab.res" 716
"..\..\..\Engine\Content\Internationalization\icudt53l\lang\pa_PK.res" 717
"..\..\..\Engine\Content\Internationalization\icudt53l\lang\pa_Arab_PK.res" 718
"..\..\..\Engine\Content\Internationalization\icudt53l\region\pa_PK.res" 719
"..\..\..\Engine\Content\Internationalization\icudt53l\region\pa_Arab_PK.res" 720
"..\..\..\Engine\Content\Internationalization\icudt53l\region\pa_Arab.res" 721
"..\..\..\Engine\Content\Internationalization\icudt53l\lang\pa_Guru.res" 722
"..\..\..\Engine\Content\Internationalization\icudt53l\lang\pa_IN.res" 723
"..\..\..\Engine\Content\Internationalization\icudt53l\lang\pa_Guru_IN.res" 724
"..\..\..\Engine\Content\Internationalization\icudt53l\region\pa_IN.res" 725
"..\..\..\Engine\Content\Internationalization\icudt53l\region\pa_Guru_IN.res" 726
"..\..\..\Engine\Content\Internationalization\icudt53l\region\pa_Guru.res" 727
"..\..\..\Engine\Content\Internationalization\icudt53l\region\pa.res" 728
"..\..\..\Engine\Content\Internationalization\icudt53l\lang\ps.res" 729
"..\..\..\Engine\Content\Internationalization\icudt53l\region\ps.res" 730
"..\..\..\Engine\Content\Internationalization\icudt53l\lang\pt_AO.res" 731
"..\..\..\Engine\Content\Internationalization\icudt53l\lang\pt_PT.res" 732
"..\..\..\Engine\Content\Internationalization\icudt53l\region\pt_AO.res" 733
"..\..\..\Engine\Content\Internationalization\icudt53l\region\pt_PT.res" 734
"..\..\..\Engine\Content\Internationalization\icudt53l\lang\pt_CV.res" 735
"..\..\..\Engine\Content\Internationalization\icudt53l\region\pt_CV.res" 736
"..\..\..\Engine\Content\Internationalization\icudt53l\lang\pt_GW.res" 737
"..\..\..\Engine\Content\Internationalization\icudt53l\region\pt_GW.res" 738
"..\..\..\Engine\Content\Internationalization\icudt53l\lang\pt_MO.res" 739
"..\..\..\Engine\Content\Internationalization\icudt53l\region\pt_MO.res" 740
"..\..\..\Engine\Content\Internationalization\icudt53l\lang\pt_MZ.res" 741
"..\..\..\Engine\Content\Internationalization\icudt53l\region\pt_MZ.res" 742
"..\..\..\Engine\Content\Internationalization\icudt53l\lang\pt_ST.res" 743
"..\..\..\Engine\Content\Internationalization\icudt53l\region\pt_ST.res" 744
"..\..\..\Engine\Content\Internationalization\icudt53l\lang\pt_TL.res" 745
"..\..\..\Engine\Content\Internationalization\icudt53l\region\pt_TL.res" 746
"..\..\..\Engine\Content\Internationalization\icudt53l\lang\rm.res" 747
"..\..\..\Engine\Content\Internationalization\icudt53l\region\rm.res" 748
"..\..\..\Engine\Content\Internationalization\icudt53l\lang\rn.res" 749
"..\..\..\Engine\Content\Internationalization\icudt53l\region\rn.res" 750
"..\..\..\Engine\Content\Internationalization\icudt53l\lang\ro.res" 751
"..\..\..\Engine\Content\Internationalization\icudt53l\lang\ro_MD.res" 752
"..\..\..\Engine\Content\Internationalization\icudt53l\region\ro_MD.res" 753
"..\..\..\Engine\Content\Internationalization\icudt53l\region\ro.res" 754
"..\..\..\Engine\Content\Internationalization\icudt53l\lang\rof.res" 755
"..\..\..\Engine\Content\Internationalization\icudt53l\region\rof.res" 756
"..\..\..\Engine\Content\Internationalization\icudt53l\lang\ru.res" 757
"..\..\..\Engine\Content\Internationalization\icudt53l\region\ru.res" 758
"..\..\..\Engine\Content\Internationalization\icudt53l\lang\ru_UA.res" 759
"..\..\..\Engine\Content\Internationalization\icudt53l\lang\rw.res" 760
"..\..\..\Engine\Content\Internationalization\icudt53l\region\rw.res" 761
"..\..\..\Engine\Content\Internationalization\icudt53l\lang\rwk.res" 762
"..\..\..\Engine\Content\Internationalization\icudt53l\region\rwk.res" 763
"..\..\..\Engine\Content\Internationalization\icudt53l\lang\saq.res" 764
"..\..\..\Engine\Content\Internationalization\icudt53l\region\saq.res" 765
"..\..\..\Engine\Content\Internationalization\icudt53l\lang\sbp.res" 766
"..\..\..\Engine\Content\Internationalization\icudt53l\region\sbp.res" 767
"..\..\..\Engine\Content\Internationalization\icudt53l\lang\seh.res" 768
"..\..\..\Engine\Content\Internationalization\icudt53l\region\seh.res" 769
"..\..\..\Engine\Content\Internationalization\icudt53l\lang\ses.res" 770
"..\..\..\Engine\Content\Internationalization\icudt53l\region\ses.res" 771
"..\..\..\Engine\Content\Internationalization\icudt53l\lang\sg.res" 772
"..\..\..\Engine\Content\Internationalization\icudt53l\region\sg.res" 773
"..\..\..\Engine\Content\Internationalization\icudt53l\lang\shi.res" 774
"..\..\..\Engine\Content\Internationalization\icudt53l\lang\shi_Latn.res" 775
"..\..\..\Engine\Content\Internationalization\icudt53l\lang\shi_MA.res" 776
"..\..\..\Engine\Content\Internationalization\icudt53l\lang\shi_Tfng_MA.res" 777
"..\..\..\Engine\Content\Internationalization\icudt53l\lang\shi_Tfng.res" 778
"..\..\..\Engine\Content\Internationalization\icudt53l\region\shi_MA.res" 779
"..\..\..\Engine\Content\Internationalization\icudt53l\region\shi_Tfng_MA.res" 780
"..\..\..\Engine\Content\Internationalization\icudt53l\region\shi_Tfng.res" 781
"..\..\..\Engine\Content\Internationalization\icudt53l\region\shi.res" 782
"..\..\..\Engine\Content\Internationalization\icudt53l\region\shi_Latn.res" 783
"..\..\..\Engine\Content\Internationalization\icudt53l\lang\si.res" 784
"..\..\..\Engine\Content\Internationalization\icudt53l\region\si.res" 785
"..\..\..\Engine\Content\Internationalization\icudt53l\lang\sk.res" 786
"..\..\..\Engine\Content\Internationalization\icudt53l\region\sk.res" 787
"..\..\..\Engine\Content\Internationalization\icudt53l\lang\sl.res" 788
"..\..\..\Engine\Content\Internationalization\icudt53l\region\sl.res" 789
"..\..\..\Engine\Content\Internationalization\icudt53l\lang\sn.res" 790
"..\..\..\Engine\Content\Internationalization\icudt53l\region\sn.res" 791
"..\..\..\Engine\Content\Internationalization\icudt53l\lang\so.res" 792
"..\..\..\Engine\Content\Internationalization\icudt53l\region\so.res" 793
"..\..\..\Engine\Content\Internationalization\icudt53l\lang\sq.res" 794
"..\..\..\Engine\Content\Internationalization\icudt53l\region\sq.res" 795
"..\..\..\Engine\Content\Internationalization\icudt53l\lang\sr.res" 796
"..\..\..\Engine\Content\Internationalization\icudt53l\lang\sr_Cyrl.res" 797
"..\..\..\Engine\Content\Internationalization\icudt53l\lang\sr_BA.res" 798
"..\..\..\Engine\Content\Internationalization\icudt53l\lang\sr_Cyrl_BA.res" 799
"..\..\..\Engine\Content\Internationalization\icudt53l\region\sr_BA.res" 800
"..\..\..\Engine\Content\Internationalization\icudt53l\region\sr_Cyrl_BA.res" 801
"..\..\..\Engine\Content\Internationalization\icudt53l\region\sr_Cyrl.res" 802
"..\..\..\Engine\Content\Internationalization\icudt53l\region\sr.res" 803
"..\..\..\Engine\Content\Internationalization\icudt53l\lang\sr_ME.res" 804
"..\..\..\Engine\Content\Internationalization\icudt53l\lang\sr_Latn_ME.res" 805
"..\..\..\Engine\Content\Internationalization\icudt53l\lang\sr_Latn.res" 806
"..\..\..\Engine\Content\Internationalization\icudt53l\region\sr_ME.res" 807
"..\..\..\Engine\Content\Internationalization\icudt53l\region\sr_Latn_ME.res" 808
"..\..\..\Engine\Content\Internationalization\icudt53l\region\sr_Latn.res" 809
"..\..\..\Engine\Content\Internationalization\icudt53l\lang\sr_RS.res" 810
"..\..\..\Engine\Content\Internationalization\icudt53l\lang\sr_Cyrl_RS.res" 811
"..\..\..\Engine\Content\Internationalization\icudt53l\region\sr_RS.res" 812
"..\..\..\Engine\Content\Internationalization\icudt53l\region\sr_Cyrl_RS.res" 813
"..\..\..\Engine\Content\Internationalization\icudt53l\lang\sr_XK.res" 814
"..\..\..\Engine\Content\Internationalization\icudt53l\lang\sr_Cyrl_XK.res" 815
"..\..\..\Engine\Content\Internationalization\icudt53l\region\sr_XK.res" 816
"..\..\..\Engine\Content\Internationalization\icudt53l\region\sr_Cyrl_XK.res" 817
"..\..\..\Engine\Content\Internationalization\icudt53l\lang\sr_Latn_BA.res" 818
"..\..\..\Engine\Content\Internationalization\icudt53l\region\sr_Latn_BA.res" 819
"..\..\..\Engine\Content\Internationalization\icudt53l\lang\sr_Latn_RS.res" 820
"..\..\..\Engine\Content\Internationalization\icudt53l\region\sr_Latn_RS.res" 821
"..\..\..\Engine\Content\Internationalization\icudt53l\lang\sv.res" 822
"..\..\..\Engine\Content\Internationalization\icudt53l\region\sv.res" 823
"..\..\..\Engine\Content\Internationalization\icudt53l\lang\sv_FI.res" 824
"..\..\..\Engine\Content\Internationalization\icudt53l\region\sv_FI.res" 825
"..\..\..\Engine\Content\Internationalization\icudt53l\lang\sw.res" 826
"..\..\..\Engine\Content\Internationalization\icudt53l\region\sw.res" 827
"..\..\..\Engine\Content\Internationalization\icudt53l\lang\swc.res" 828
"..\..\..\Engine\Content\Internationalization\icudt53l\region\swc.res" 829
"..\..\..\Engine\Content\Internationalization\icudt53l\lang\ta.res" 830
"..\..\..\Engine\Content\Internationalization\icudt53l\region\ta.res" 831
"..\..\..\Engine\Content\Internationalization\icudt53l\lang\te.res" 832
"..\..\..\Engine\Content\Internationalization\icudt53l\region\te.res" 833
"..\..\..\Engine\Content\Internationalization\icudt53l\lang\teo.res" 834
"..\..\..\Engine\Content\Internationalization\icudt53l\region\teo.res" 835
"..\..\..\Engine\Content\Internationalization\icudt53l\lang\th.res" 836
"..\..\..\Engine\Content\Internationalization\icudt53l\lang\th_TH.res" 837
"..\..\..\Engine\Content\Internationalization\icudt53l\region\th_TH.res" 838
"..\..\..\Engine\Content\Internationalization\icudt53l\region\th.res" 839
"..\..\..\Engine\Content\Internationalization\icudt53l\lang\ti.res" 840
"..\..\..\Engine\Content\Internationalization\icudt53l\region\ti.res" 841
"..\..\..\Engine\Content\Internationalization\icudt53l\lang\to.res" 842
"..\..\..\Engine\Content\Internationalization\icudt53l\region\to.res" 843
"..\..\..\Engine\Content\Internationalization\icudt53l\lang\tr.res" 844
"..\..\..\Engine\Content\Internationalization\icudt53l\region\tr.res" 845
"..\..\..\Engine\Content\Internationalization\icudt53l\lang\twq.res" 846
"..\..\..\Engine\Content\Internationalization\icudt53l\region\twq.res" 847
"..\..\..\Engine\Content\Internationalization\icudt53l\lang\tzm.res" 848
"..\..\..\Engine\Content\Internationalization\icudt53l\lang\tzm_Latn.res" 849
"..\..\..\Engine\Content\Internationalization\icudt53l\lang\tzm_MA.res" 850
"..\..\..\Engine\Content\Internationalization\icudt53l\lang\tzm_Latn_MA.res" 851
"..\..\..\Engine\Content\Internationalization\icudt53l\region\tzm_MA.res" 852
"..\..\..\Engine\Content\Internationalization\icudt53l\region\tzm_Latn_MA.res" 853
"..\..\..\Engine\Content\Internationalization\icudt53l\region\tzm_Latn.res" 854
"..\..\..\Engine\Content\Internationalization\icudt53l\region\tzm.res" 855
"..\..\..\Engine\Content\Internationalization\icudt53l\lang\ug.res" 856
"..\..\..\Engine\Content\Internationalization\icudt53l\lang\ug_Arab.res" 857
"..\..\..\Engine\Content\Internationalization\icudt53l\lang\ug_CN.res" 858
"..\..\..\Engine\Content\Internationalization\icudt53l\lang\ug_Arab_CN.res" 859
"..\..\..\Engine\Content\Internationalization\icudt53l\region\ug_CN.res" 860
"..\..\..\Engine\Content\Internationalization\icudt53l\region\ug_Arab_CN.res" 861
"..\..\..\Engine\Content\Internationalization\icudt53l\region\ug_Arab.res" 862
"..\..\..\Engine\Content\Internationalization\icudt53l\region\ug.res" 863
"..\..\..\Engine\Content\Internationalization\icudt53l\lang\uk.res" 864
"..\..\..\Engine\Content\Internationalization\icudt53l\region\uk.res" 865
"..\..\..\Engine\Content\Internationalization\icudt53l\lang\ur.res" 866
"..\..\..\Engine\Content\Internationalization\icudt53l\region\ur.res" 867
"..\..\..\Engine\Content\Internationalization\icudt53l\lang\uz.res" 868
"..\..\..\Engine\Content\Internationalization\icudt53l\lang\uz_Arab.res" 869
"..\..\..\Engine\Content\Internationalization\icudt53l\lang\uz_AF.res" 870
"..\..\..\Engine\Content\Internationalization\icudt53l\lang\uz_Arab_AF.res" 871
"..\..\..\Engine\Content\Internationalization\icudt53l\region\uz_AF.res" 872
"..\..\..\Engine\Content\Internationalization\icudt53l\region\uz_Arab_AF.res" 873
"..\..\..\Engine\Content\Internationalization\icudt53l\region\uz_Arab.res" 874
"..\..\..\Engine\Content\Internationalization\icudt53l\lang\uz_Cyrl.res" 875
"..\..\..\Engine\Content\Internationalization\icudt53l\lang\uz_UZ.res" 876
"..\..\..\Engine\Content\Internationalization\icudt53l\lang\uz_Latn_UZ.res" 877
"..\..\..\Engine\Content\Internationalization\icudt53l\lang\uz_Latn.res" 878
"..\..\..\Engine\Content\Internationalization\icudt53l\region\uz_UZ.res" 879
"..\..\..\Engine\Content\Internationalization\icudt53l\region\uz_Latn_UZ.res" 880
"..\..\..\Engine\Content\Internationalization\icudt53l\region\uz_Latn.res" 881
"..\..\..\Engine\Content\Internationalization\icudt53l\region\uz.res" 882
"..\..\..\Engine\Content\Internationalization\icudt53l\region\uz_Cyrl.res" 883
"..\..\..\Engine\Content\Internationalization\icudt53l\lang\vai.res" 884
"..\..\..\Engine\Content\Internationalization\icudt53l\lang\vai_Latn.res" 885
"..\..\..\Engine\Content\Internationalization\icudt53l\lang\vai_LR.res" 886
"..\..\..\Engine\Content\Internationalization\icudt53l\lang\vai_Vaii_LR.res" 887
"..\..\..\Engine\Content\Internationalization\icudt53l\lang\vai_Vaii.res" 888
"..\..\..\Engine\Content\Internationalization\icudt53l\region\vai_LR.res" 889
"..\..\..\Engine\Content\Internationalization\icudt53l\region\vai_Vaii_LR.res" 890
"..\..\..\Engine\Content\Internationalization\icudt53l\region\vai_Vaii.res" 891
"..\..\..\Engine\Content\Internationalization\icudt53l\region\vai.res" 892
"..\..\..\Engine\Content\Internationalization\icudt53l\region\vai_Latn.res" 893
"..\..\..\Engine\Content\Internationalization\icudt53l\lang\vi.res" 894
"..\..\..\Engine\Content\Internationalization\icudt53l\region\vi.res" 895
"..\..\..\Engine\Content\Internationalization\icudt53l\lang\vun.res" 896
"..\..\..\Engine\Content\Internationalization\icudt53l\region\vun.res" 897
"..\..\..\Engine\Content\Internationalization\icudt53l\lang\xog.res" 898
"..\..\..\Engine\Content\Internationalization\icudt53l\region\xog.res" 899
"..\..\..\Engine\Content\Internationalization\icudt53l\lang\yav.res" 900
"..\..\..\Engine\Content\Internationalization\icudt53l\region\yav.res" 901
"..\..\..\Engine\Content\Internationalization\icudt53l\lang\yo.res" 902
"..\..\..\Engine\Content\Internationalization\icudt53l\lang\yo_BJ.res" 903
"..\..\..\Engine\Content\Internationalization\icudt53l\region\yo_BJ.res" 904
"..\..\..\Engine\Content\Internationalization\icudt53l\region\yo.res" 905
"..\..\..\Engine\Content\Internationalization\icudt53l\lang\zgh.res" 906
"..\..\..\Engine\Content\Internationalization\icudt53l\region\zgh.res" 907
"..\..\..\Engine\Content\Internationalization\icudt53l\lang\zh_HK.res" 908
"..\..\..\Engine\Content\Internationalization\icudt53l\lang\zh_Hant_HK.res" 909
"..\..\..\Engine\Content\Internationalization\icudt53l\lang\zh_Hant.res" 910
"..\..\..\Engine\Content\Internationalization\icudt53l\region\zh_HK.res" 911
"..\..\..\Engine\Content\Internationalization\icudt53l\region\zh_Hant_HK.res" 912
"..\..\..\Engine\Content\Internationalization\icudt53l\region\zh_Hant.res" 913
"..\..\..\Engine\Content\Internationalization\icudt53l\lang\zh_Hans_HK.res" 914
"..\..\..\Engine\Content\Internationalization\icudt53l\region\zh_Hans_HK.res" 915
"..\..\..\Engine\Content\Internationalization\icudt53l\lang\zh_MO.res" 916
"..\..\..\Engine\Content\Internationalization\icudt53l\lang\zh_Hant_MO.res" 917
"..\..\..\Engine\Content\Internationalization\icudt53l\region\zh_MO.res" 918
"..\..\..\Engine\Content\Internationalization\icudt53l\region\zh_Hant_MO.res" 919
"..\..\..\Engine\Content\Internationalization\icudt53l\lang\zh_Hans_MO.res" 920
"..\..\..\Engine\Content\Internationalization\icudt53l\region\zh_Hans_MO.res" 921
"..\..\..\Engine\Content\Internationalization\icudt53l\lang\zh_SG.res" 922
"..\..\..\Engine\Content\Internationalization\icudt53l\lang\zh_Hans_SG.res" 923
"..\..\..\Engine\Content\Internationalization\icudt53l\region\zh_SG.res" 924
"..\..\..\Engine\Content\Internationalization\icudt53l\region\zh_Hans_SG.res" 925
"..\..\..\Engine\Content\Internationalization\icudt53l\lang\zh_TW.res" 926
"..\..\..\Engine\Content\Internationalization\icudt53l\lang\zh_Hant_TW.res" 927
"..\..\..\Engine\Content\Internationalization\icudt53l\region\zh_TW.res" 928
"..\..\..\Engine\Content\Internationalization\icudt53l\region\zh_Hant_TW.res" 929
"..\..\..\Engine\Content\Internationalization\icudt53l\lang\zu.res" 930
"..\..\..\Engine\Content\Internationalization\icudt53l\region\zu.res" 931
"M:/UE4/Engine/Binaries/Win64/../../../Engine/Shaders/VectorFieldVisualizationVertexFactory.usf" 932
"M:/UE4/Engine/Binaries/Win64/../../../Engine/Shaders/VertexFactoryCommon.usf" 933
"M:/UE4/Engine/Binaries/Win64/../../../Engine/Shaders/Common.usf" 934
"M:/UE4/Engine/Binaries/Win64/../../../Engine/Shaders/MetalCommon.usf" 935
"M:/UE4/Engine/Binaries/Win64/../../../Engine/Shaders/VulkanCommon.usf" 936
"M:/UE4/Engine/Binaries/Win64/../../../Engine/Shaders/ShaderVersion.usf" 937
"M:/UE4/Engine/Binaries/Win64/../../../Engine/Shaders/CommonViewUniformBuffer.usf" 938
"M:/UE4/Engine/Binaries/Win64/../../../Engine/Shaders/InstancedStereo.usf" 939
"M:/UE4/Engine/Binaries/Win64/../../../Engine/Shaders/Definitions.usf" 940
"M:/UE4/Engine/Binaries/Win64/../../../Engine/Shaders/FastMath.usf" 941
"M:/UE4/Engine/Binaries/Win64/../../../Engine/Shaders/Random.usf" 942
"M:/UE4/Engine/Binaries/Win64/../../../Engine/Shaders/ParticleSpriteVertexFactory.usf" 943
"M:/UE4/Engine/Binaries/Win64/../../../Engine/Shaders/ParticleVertexFactoryCommon.usf" 944
"M:/UE4/Engine/Binaries/Win64/../../../Engine/Shaders/ParticleGPUSpriteVertexFactory.usf" 945
"M:/UE4/Engine/Binaries/Win64/../../../Engine/Shaders/ParticleBeamTrailVertexFactory.usf" 946
"M:/UE4/Engine/Binaries/Win64/../../../Engine/Shaders/MeshParticleVertexFactory.usf" 947
"M:/UE4/Engine/Binaries/Win64/../../../Engine/Shaders/LocalVertexFactory.usf" 948
"M:/UE4/Engine/Binaries/Win64/../../../Engine/Shaders/LocalVertexFactoryCommon.usf" 949
"M:/UE4/Engine/Binaries/Win64/../../../Engine/Shaders/GpuSkinCommon.usf" 950
"M:/UE4/Engine/Binaries/Win64/../../../Engine/Shaders/GpuSkinVertexFactory.usf" 951
"M:/UE4/Engine/Binaries/Win64/../../../Engine/Shaders/LandscapeVertexFactory.usf" 952
"M:/UE4/Engine/Binaries/Win64/../../../Engine/Shaders/OculusStressTestShader.usf" 953
"M:/UE4/Engine/Binaries/Win64/../../../Engine/Shaders/SlateElementPixelShader.usf" 954
"M:/UE4/Engine/Binaries/Win64/../../../Engine/Shaders/GammaCorrectionCommon.usf" 955
"M:/UE4/Engine/Binaries/Win64/../../../Engine/Shaders/SlateShaderCommon.usf" 956
"M:/UE4/Engine/Binaries/Win64/../../../Engine/Shaders/MaterialTemplate.usf" 957
"M:/UE4/Engine/Binaries/Win64/../../../Engine/Shaders/DepthOfFieldCommon.usf" 958
"M:/UE4/Engine/Binaries/Win64/../../../Engine/Shaders/CircleDOFCommon.usf" 959
"M:/UE4/Engine/Binaries/Win64/../../../Engine/Shaders/GlobalDistanceFieldShared.usf" 960
"M:/UE4/Engine/Binaries/Win64/../../../Engine/Shaders/SpeedTreeCommon.usf" 961
"M:/UE4/Engine/Binaries/Win64/../../../Engine/Shaders/MinMaterialTexCoords.usf" 962
"M:/UE4/Engine/Binaries/Win64/../../../Engine/Shaders/AtmosphereCommon.usf" 963
"M:/UE4/Engine/Binaries/Win64/../../../Engine/Shaders/PaniniProjection.usf" 964
"M:/UE4/Engine/Binaries/Win64/../../../Engine/Shaders/EyeAdaptationCommon.usf" 965
"M:/UE4/Engine/Binaries/Win64/../../../Engine/Shaders/PostProcessCommon.usf" 966
"M:/UE4/Engine/Binaries/Win64/../../../Engine/Shaders/DeferredShadingCommon.usf" 967
"M:/UE4/Engine/Binaries/Win64/../../../Engine/Shaders/LightAccumulator.usf" 968
"M:/UE4/Engine/Binaries/Win64/../../../Engine/Shaders/SlateVertexShader.usf" 969
"M:/UE4/Engine/Binaries/Win64/../../../Engine/Shaders/VectorFieldCompositeShaders.usf" 970
"M:/UE4/Engine/Binaries/Win64/../../../Engine/Shaders/UpdateTextureShaders.usf" 971
"M:/UE4/Engine/Binaries/Win64/../../../Engine/Shaders/MorphTargets.usf" 972
"M:/UE4/Engine/Binaries/Win64/../../../Engine/Shaders/SimpleElementColorChannelMaskPixelShader.usf" 973
"M:/UE4/Engine/Binaries/Win64/../../../Engine/Shaders/SimpleElementPixelShader.usf" 974
"M:/UE4/Engine/Binaries/Win64/../../../Engine/Shaders/ColorUtils.usf" 975
"M:/UE4/Engine/Binaries/Win64/../../../Engine/Shaders/IESLightProfilesCommon.usf" 976
"M:/UE4/Engine/Binaries/Win64/../../../Engine/Shaders/SimpleElementHitProxyPixelShader.usf" 977
"M:/UE4/Engine/Binaries/Win64/../../../Engine/Shaders/SimpleElementVertexShader.usf" 978
"M:/UE4/Engine/Binaries/Win64/../../../Engine/Shaders/ScreenVertexShader.usf" 979
"M:/UE4/Engine/Binaries/Win64/../../../Engine/Shaders/ScreenPixelShader.usf" 980
"M:/UE4/Engine/Binaries/Win64/../../../Engine/Shaders/ParticleSortKeyGen.usf" 981
"M:/UE4/Engine/Binaries/Win64/../../../Engine/Shaders/ParticleBoundsShader.usf" 982
"M:/UE4/Engine/Binaries/Win64/../../../Engine/Shaders/ParticleSimVisualizeShader.usf" 983
"M:/UE4/Engine/Binaries/Win64/../../../Engine/Shaders/ParticleInjectionShader.usf" 984
"M:/UE4/Engine/Binaries/Win64/../../../Engine/Shaders/ParticleSimulationShader.usf" 985
"M:/UE4/Engine/Binaries/Win64/../../../Engine/Shaders/ParticleCurveInjectionShader.usf" 986
"M:/UE4/Engine/Binaries/Win64/../../../Engine/Shaders/RadixSortShaders.usf" 987
"M:/UE4/Engine/Binaries/Win64/../../../Engine/Shaders/RecomputeTangentsPerVertexPass.usf" 988
"M:/UE4/Engine/Binaries/Win64/../../../Engine/Shaders/RecomputeTangentsCommon.usf" 989
"M:/UE4/Engine/Binaries/Win64/../../../Engine/Shaders/RecomputeTangentsPerTrianglePass.usf" 990
"M:/UE4/Engine/Binaries/Win64/../../../Engine/Shaders/GpuSkinCacheComputeShader.usf" 991
"M:/UE4/Engine/Binaries/Win64/../../../Engine/Shaders/NullPixelShader.usf" 992
"M:/UE4/Engine/Binaries/Win64/../../../Engine/Shaders/LandscapeGrassWeight.usf" 993
"M:/UE4/Engine/Binaries/Win64/../../../Engine/Shaders/SimpleElementTexture2DPreviewPixelShader.usf" 994
"M:/UE4/Engine/Binaries/Win64/../../../Engine/Shaders/SimpleElementNormalMapPixelShader.usf" 995
"M:/UE4/Engine/Binaries/Win64/../../../Engine/Shaders/meshpaintdilatepixelshader.usf" 996
"M:/UE4/Engine/Binaries/Win64/../../../Engine/Shaders/meshpaintdilatevertexshader.usf" 997
"M:/UE4/Engine/Binaries/Win64/../../../Engine/Shaders/MeshPaintPixelShader.usf" 998
"M:/UE4/Engine/Binaries/Win64/../../../Engine/Shaders/MeshPaintVertexShader.usf" 999
"M:/UE4/Engine/Binaries/Win64/../../../Engine/Shaders/VelocityShader.usf" 1000
"M:/UE4/Engine/Binaries/Win64/../../../Engine/Shaders/VelocityCommon.usf" 1001
"M:/UE4/Engine/Binaries/Win64/../../../Engine/Shaders/Tessellation.usf" 1002
"M:/UE4/Engine/Binaries/Win64/../../../Engine/Shaders/FlatTessellation.usf" 1003
"M:/UE4/Engine/Binaries/Win64/../../../Engine/Shaders/PNTriangles.usf" 1004
"M:/UE4/Engine/Binaries/Win64/../../../Engine/Shaders/TranslucentLightingShaders.usf" 1005
"M:/UE4/Engine/Binaries/Win64/../../../Engine/Shaders/SHCommon.usf" 1006
"M:/UE4/Engine/Binaries/Win64/../../../Engine/Shaders/ShadowProjectionCommon.usf" 1007
"M:/UE4/Engine/Binaries/Win64/../../../Engine/Shaders/CubemapCommon.usf" 1008
"M:/UE4/Engine/Binaries/Win64/../../../Engine/Shaders/TranslucentLightInjectionShaders.usf" 1009
"M:/UE4/Engine/Binaries/Win64/../../../Engine/Shaders/DynamicLightingCommon.usf" 1010
"M:/UE4/Engine/Binaries/Win64/../../../Engine/Shaders/LightFunctionCommon.usf" 1011
"M:/UE4/Engine/Binaries/Win64/../../../Engine/Shaders/TranslucentShadowDepthShaders.usf" 1012
"M:/UE4/Engine/Binaries/Win64/../../../Engine/Shaders/ShadowDepthCommon.usf" 1013
"M:/UE4/Engine/Binaries/Win64/../../../Engine/Shaders/TiledDeferredLightShaders.usf" 1014
"M:/UE4/Engine/Binaries/Win64/../../../Engine/Shaders/DeferredLightingCommon.usf" 1015
"M:/UE4/Engine/Binaries/Win64/../../../Engine/Shaders/BRDF.usf" 1016
"M:/UE4/Engine/Binaries/Win64/../../../Engine/Shaders/MonteCarlo.usf" 1017
"M:/UE4/Engine/Binaries/Win64/../../../Engine/Shaders/ShadingModels.usf" 1018
"M:/UE4/Engine/Binaries/Win64/../../../Engine/Shaders/SurfelTree.usf" 1019
"M:/UE4/Engine/Binaries/Win64/../../../Engine/Shaders/DistanceFieldLightingShared.usf" 1020
"M:/UE4/Engine/Binaries/Win64/../../../Engine/Shaders/SurfelMaterialShared.usf" 1021
"M:/UE4/Engine/Binaries/Win64/../../../Engine/Shaders/DistanceFieldAOShared.usf" 1022
"M:/UE4/Engine/Binaries/Win64/../../../Engine/Shaders/ShadowProjectionPixelShader.usf" 1023
"M:/UE4/Engine/Binaries/Win64/../../../Engine/Shaders/ShadowFilteringCommon.usf" 1024
"M:/UE4/Engine/Binaries/Win64/../../../Engine/Shaders/ShadowProjectionVertexShader.usf" 1025
"M:/UE4/Engine/Binaries/Win64/../../../Engine/Shaders/CopyShadowMaps.usf" 1026
"M:/UE4/Engine/Binaries/Win64/../../../Engine/Shaders/ShadowDepthPixelShader.usf" 1027
"M:/UE4/Engine/Binaries/Win64/../../../Engine/Shaders/LPVWriteVplCommon.usf" 1028
"M:/UE4/Engine/Binaries/Win64/../../../Engine/Shaders/LPVWriteCommon.usf" 1029
"M:/UE4/Engine/Binaries/Win64/../../../Engine/Shaders/LPVCommon.usf" 1030
"M:/UE4/Engine/Binaries/Win64/../../../Engine/Shaders/ShadowDepthVertexShader.usf" 1031
"M:/UE4/Engine/Binaries/Win64/../../../Engine/Shaders/QuadComplexityAccumulatePixelShader.usf" 1032
"M:/UE4/Engine/Binaries/Win64/../../../Engine/Shaders/QuadOverdraw.usf" 1033
"M:/UE4/Engine/Binaries/Win64/../../../Engine/Shaders/DebugViewModeCommon.usf" 1034
"M:/UE4/Engine/Binaries/Win64/../../../Engine/Shaders/ShaderComplexityAccumulatePixelShader.usf" 1035
"M:/UE4/Engine/Binaries/Win64/../../../Engine/Shaders/HZBOcclusion.usf" 1036
"M:/UE4/Engine/Binaries/Win64/../../../Engine/Shaders/OcclusionQueryVertexShader.usf" 1037
"M:/UE4/Engine/Binaries/Win64/../../../Engine/Shaders/HitProxyPixelShader.usf" 1038
"M:/UE4/Engine/Binaries/Win64/../../../Engine/Shaders/HitProxyVertexShader.usf" 1039
"M:/UE4/Engine/Binaries/Win64/../../../Engine/Shaders/SceneCapturePixelShader.usf" 1040
"M:/UE4/Engine/Binaries/Win64/../../../Engine/Shaders/ReflectionEnvironmentShaders.usf" 1041
"M:/UE4/Engine/Binaries/Win64/../../../Engine/Shaders/ReflectionEnvironmentShared.usf" 1042
"M:/UE4/Engine/Binaries/Win64/../../../Engine/Shaders/SkyLightingShared.usf" 1043
"M:/UE4/Engine/Binaries/Win64/../../../Engine/Shaders/ReflectionEnvironmentComputeShaders.usf" 1044
"M:/UE4/Engine/Binaries/Win64/../../../Engine/Shaders/PrimitiveDistanceAccuracyPixelShader.usf" 1045
"M:/UE4/Engine/Binaries/Win64/../../../Engine/Shaders/PreCullTriangles.usf" 1046
"M:/UE4/Engine/Binaries/Win64/../../../Engine/Shaders/VisualizeTexture.usf" 1047
"M:/UE4/Engine/Binaries/Win64/../../../Engine/Shaders/VisualizeShadingModels.usf" 1048
"M:/UE4/Engine/Binaries/Win64/../../../Engine/Shaders/PostProcessHistogramCommon.usf" 1049
"M:/UE4/Engine/Binaries/Win64/../../../Engine/Shaders/ScreenSpaceReflections.usf" 1050
"M:/UE4/Engine/Binaries/Win64/../../../Engine/Shaders/ScreenSpaceRayCast.usf" 1051
"M:/UE4/Engine/Binaries/Win64/../../../Engine/Shaders/FilterVertexShader.usf" 1052
"M:/UE4/Engine/Binaries/Win64/../../../Engine/Shaders/FilterPixelShader.usf" 1053
"M:/UE4/Engine/Binaries/Win64/../../../Engine/Shaders/PostProcessVisualizeHDR.usf" 1054
"M:/UE4/Engine/Binaries/Win64/../../../Engine/Shaders/TonemapCommon.usf" 1055
"M:/UE4/Engine/Binaries/Win64/../../../Engine/Shaders/ACES.usf" 1056
"M:/UE4/Engine/Binaries/Win64/../../../Engine/Shaders/MiniFontCommon.usf" 1057
"M:/UE4/Engine/Binaries/Win64/../../../Engine/Shaders/ShaderComplexityApplyPixelShader.usf" 1058
"M:/UE4/Engine/Binaries/Win64/../../../Engine/Shaders/PostProcessVisualizeBuffer.usf" 1059
"M:/UE4/Engine/Binaries/Win64/../../../Engine/Shaders/PostProcessUpscale.usf" 1060
"M:/UE4/Engine/Binaries/Win64/../../../Engine/Shaders/PostProcessTonemap.usf" 1061
"M:/UE4/Engine/Binaries/Win64/../../../Engine/Shaders/PostProcessTestImage.usf" 1062
"M:/UE4/Engine/Binaries/Win64/../../../Engine/Shaders/PostProcessTemporalAA.usf" 1063
"M:/UE4/Engine/Binaries/Win64/../../../Engine/Shaders/PostProcessTemporalCommon.usf" 1064
"M:/UE4/Engine/Binaries/Win64/../../../Engine/Shaders/PostProcessSubsurface.usf" 1065
"M:/UE4/Engine/Binaries/Win64/../../../Engine/Shaders/SeparableSSS.usf" 1066
"M:/UE4/Engine/Binaries/Win64/../../../Engine/Shaders/PostProcessSelectionOutline.usf" 1067
"M:/UE4/Engine/Binaries/Win64/../../../Engine/Shaders/PostProcessNoiseBlur.usf" 1068
"M:/UE4/Engine/Binaries/Win64/../../../Engine/Shaders/PostProcessMotionBlur.usf" 1069
"M:/UE4/Engine/Binaries/Win64/../../../Engine/Shaders/PostProcessVelocityFlatten.usf" 1070
"M:/UE4/Engine/Binaries/Win64/../../../Engine/Shaders/PostProcessMobile.usf" 1071
"M:/UE4/Engine/Binaries/Win64/../../../Engine/Shaders/PostProcessMaterialShaders.usf" 1072
"M:/UE4/Engine/Binaries/Win64/../../../Engine/Shaders/PostProcessLensFlares.usf" 1073
"M:/UE4/Engine/Binaries/Win64/../../../Engine/Shaders/PostProcessLensBlur.usf" 1074
"M:/UE4/Engine/Binaries/Win64/../../../Engine/Shaders/PostProcessBloom.usf" 1075
"M:/UE4/Engine/Binaries/Win64/../../../Engine/Shaders/PostProcessHMD.usf" 1076
"M:/UE4/Engine/Binaries/Win64/../../../Engine/Shaders/PostProcessHistogramReduce.usf" 1077
"M:/UE4/Engine/Binaries/Win64/../../../Engine/Shaders/PostProcessHistogram.usf" 1078
"M:/UE4/Engine/Binaries/Win64/../../../Engine/Shaders/PostProcessHierarchical.usf" 1079
"M:/UE4/Engine/Binaries/Win64/../../../Engine/Shaders/PostProcessGBufferHints.usf" 1080
"M:/UE4/Engine/Binaries/Win64/../../../Engine/Shaders/PostProcessEyeAdaptation.usf" 1081
"M:/UE4/Engine/Binaries/Win64/../../../Engine/Shaders/PostProcessDownsample.usf" 1082
"M:/UE4/Engine/Binaries/Win64/../../../Engine/Shaders/PostProcessDOF.usf" 1083
"M:/UE4/Engine/Binaries/Win64/../../../Engine/Shaders/PostProcessCompositeEditorPrimitives.usf" 1084
"M:/UE4/Engine/Binaries/Win64/../../../Engine/Shaders/PostProcessCombineLUTs.usf" 1085
"M:/UE4/Engine/Binaries/Win64/../../../Engine/Shaders/PostProcessCircleDOF.usf" 1086
"M:/UE4/Engine/Binaries/Win64/../../../Engine/Shaders/PostProcessBusyWait.usf" 1087
"M:/UE4/Engine/Binaries/Win64/../../../Engine/Shaders/PostProcessPassThrough.usf" 1088
"M:/UE4/Engine/Binaries/Win64/../../../Engine/Shaders/PostProcessBokehDOF.usf" 1089
"M:/UE4/Engine/Binaries/Win64/../../../Engine/Shaders/SeparateTranslucency.usf" 1090
"M:/UE4/Engine/Binaries/Win64/../../../Engine/Shaders/PostProcessVisualizeDOF.usf" 1091
"M:/UE4/Engine/Binaries/Win64/../../../Engine/Shaders/FXAAShader.usf" 1092
"M:/UE4/Engine/Binaries/Win64/../../../Engine/Shaders/Fxaa3_11.usf" 1093
"M:/UE4/Engine/Binaries/Win64/../../../Engine/Shaders/PlanarReflectionShaders.usf" 1094
"M:/UE4/Engine/Binaries/Win64/../../../Engine/Shaders/PlanarReflectionShared.usf" 1095
"M:/UE4/Engine/Binaries/Win64/../../../Engine/Shaders/MobileBasePassPixelShader.usf" 1096
"M:/UE4/Engine/Binaries/Win64/../../../Engine/Shaders/MobileBasePassCommon.usf" 1097
"M:/UE4/Engine/Binaries/Win64/../../../Engine/Shaders/LightmapCommon.usf" 1098
"M:/UE4/Engine/Binaries/Win64/../../../Engine/Shaders/MobileBasePassVertexShader.usf" 1099
"M:/UE4/Engine/Binaries/Win64/../../../Engine/Shaders/HeightFogCommon.usf" 1100
"M:/UE4/Engine/Binaries/Win64/../../../Engine/Shaders/MeshTexCoordSizeAccuracyPixelShader.usf" 1101
"M:/UE4/Engine/Binaries/Win64/../../../Engine/Shaders/MaterialTexCoordScalesPixelShader.usf" 1102
"M:/UE4/Engine/Binaries/Win64/../../../Engine/Shaders/LightShaftShader.usf" 1103
"M:/UE4/Engine/Binaries/Win64/../../../Engine/Shaders/StationaryLightOverlapShaders.usf" 1104
"M:/UE4/Engine/Binaries/Win64/../../../Engine/Shaders/DeferredLightPixelShaders.usf" 1105
"M:/UE4/Engine/Binaries/Win64/../../../Engine/Shaders/DeferredLightVertexShaders.usf" 1106
"M:/UE4/Engine/Binaries/Win64/../../../Engine/Shaders/LPVVisualise.usf" 1107
"M:/UE4/Engine/Binaries/Win64/../../../Engine/Shaders/LPVGeometryVolumeCommon.usf" 1108
"M:/UE4/Engine/Binaries/Win64/../../../Engine/Shaders/LPVDirectLightInject.usf" 1109
"M:/UE4/Engine/Binaries/Win64/../../../Engine/Shaders/LPVPropagate.usf" 1110
"M:/UE4/Engine/Binaries/Win64/../../../Engine/Shaders/LPVPacking.usf" 1111
"M:/UE4/Engine/Binaries/Win64/../../../Engine/Shaders/LPVBuildGeometryVolume.usf" 1112
"M:/UE4/Engine/Binaries/Win64/../../../Engine/Shaders/LpvDirectionalOcclusion.usf" 1113
"M:/UE4/Engine/Binaries/Win64/../../../Engine/Shaders/LPVInject_AccumulateVplLists.usf" 1114
"M:/UE4/Engine/Binaries/Win64/../../../Engine/Shaders/LPVInject_GenerateVplLists.usf" 1115
"M:/UE4/Engine/Binaries/Win64/../../../Engine/Shaders/LPVClearLists.usf" 1116
"M:/UE4/Engine/Binaries/Win64/../../../Engine/Shaders/LPVClear.usf" 1117
"M:/UE4/Engine/Binaries/Win64/../../../Engine/Shaders/LightMapDensityShader.usf" 1118
"M:/UE4/Engine/Binaries/Win64/../../../Engine/Shaders/LightGridInjection.usf" 1119
"M:/UE4/Engine/Binaries/Win64/../../../Engine/Shaders/LightFunctionPixelShader.usf" 1120
"M:/UE4/Engine/Binaries/Win64/../../../Engine/Shaders/LightFunctionVertexShader.usf" 1121
"M:/UE4/Engine/Binaries/Win64/../../../Engine/Shaders/HeightfieldLighting.usf" 1122
"M:/UE4/Engine/Binaries/Win64/../../../Engine/Shaders/DistanceFieldShadowingShared.usf" 1123
"M:/UE4/Engine/Binaries/Win64/../../../Engine/Shaders/HeightfieldLightingShared.usf" 1124
"M:/UE4/Engine/Binaries/Win64/../../../Engine/Shaders/HdrCustomResolveShaders.usf" 1125
"M:/UE4/Engine/Binaries/Win64/../../../Engine/Shaders/GPUBenchmark.usf" 1126
"M:/UE4/Engine/Binaries/Win64/../../../Engine/Shaders/GlobalDistanceField.usf" 1127
"M:/UE4/Engine/Binaries/Win64/../../../Engine/Shaders/GammaCorrection.usf" 1128
"M:/UE4/Engine/Binaries/Win64/../../../Engine/Shaders/HeightFogPixelShader.usf" 1129
"M:/UE4/Engine/Binaries/Win64/../../../Engine/Shaders/HeightFogVertexShader.usf" 1130
"M:/UE4/Engine/Binaries/Win64/../../../Engine/Shaders/DistortAccumulatePS.usf" 1131
"M:/UE4/Engine/Binaries/Win64/../../../Engine/Shaders/DistortAccumulateVS.usf" 1132
"M:/UE4/Engine/Binaries/Win64/../../../Engine/Shaders/DistortApplyScreenPS.usf" 1133
"M:/UE4/Engine/Binaries/Win64/../../../Engine/Shaders/DistanceFieldSurfaceCacheLighting.usf" 1134
"M:/UE4/Engine/Binaries/Win64/../../../Engine/Shaders/SkyLighting.usf" 1135
"M:/UE4/Engine/Binaries/Win64/../../../Engine/Shaders/DistanceFieldSurfaceCacheLightingCompute.usf" 1136
"M:/UE4/Engine/Binaries/Win64/../../../Engine/Shaders/DistanceFieldSpecularOcclusion.usf" 1137
"M:/UE4/Engine/Binaries/Win64/../../../Engine/Shaders/DistanceFieldShadowing.usf" 1138
"M:/UE4/Engine/Binaries/Win64/../../../Engine/Shaders/DistanceFieldScreenGridLighting.usf" 1139
"M:/UE4/Engine/Binaries/Win64/../../../Engine/Shaders/DistanceFieldLightingPost.usf" 1140
"M:/UE4/Engine/Binaries/Win64/../../../Engine/Shaders/DistanceFieldGlobalIllumination.usf" 1141
"M:/UE4/Engine/Binaries/Win64/../../../Engine/Shaders/DitheredTransitionStencil.usf" 1142
"M:/UE4/Engine/Binaries/Win64/../../../Engine/Shaders/DepthOnlyPixelShader.usf" 1143
"M:/UE4/Engine/Binaries/Win64/../../../Engine/Shaders/DepthOnlyVertexShader.usf" 1144
"M:/UE4/Engine/Binaries/Win64/../../../Engine/Shaders/PositionOnlyDepthVertexShader.usf" 1145
"M:/UE4/Engine/Binaries/Win64/../../../Engine/Shaders/DownsampleDepthPixelShader.usf" 1146
"M:/UE4/Engine/Binaries/Win64/../../../Engine/Shaders/DeferredDecal.usf" 1147
"M:/UE4/Engine/Binaries/Win64/../../../Engine/Shaders/DecalCommon.usf" 1148
"M:/UE4/Engine/Binaries/Win64/../../../Engine/Shaders/PixelShaderOutputCommon.usf" 1149
"M:/UE4/Engine/Binaries/Win64/../../../Engine/Shaders/MissingShaderPixelShader.usf" 1150
"M:/UE4/Engine/Binaries/Win64/../../../Engine/Shaders/DebugviewModeVertexShader.usf" 1151
"M:/UE4/Engine/Binaries/Win64/../../../Engine/Shaders/EvaluateSurfelMaterial.usf" 1152
"M:/UE4/Engine/Binaries/Win64/../../../Engine/Shaders/ConvertToUniformMesh.usf" 1153
"M:/UE4/Engine/Binaries/Win64/../../../Engine/Shaders/MeshDecals.usf" 1154
"M:/UE4/Engine/Binaries/Win64/../../../Engine/Shaders/PostProcessLpvIndirect.usf" 1155
"M:/UE4/Engine/Binaries/Win64/../../../Engine/Shaders/LPVFinalPass.usf" 1156
"M:/UE4/Engine/Binaries/Win64/../../../Engine/Shaders/RTWriteMaskDecode.usf" 1157
"M:/UE4/Engine/Binaries/Win64/../../../Engine/Shaders/PostProcessAmbientOcclusion.usf" 1158
"M:/UE4/Engine/Binaries/Win64/../../../Engine/Shaders/PostProcessAmbient.usf" 1159
"M:/UE4/Engine/Binaries/Win64/../../../Engine/Shaders/CapsuleShadowShaders.usf" 1160
"M:/UE4/Engine/Binaries/Win64/../../../Engine/Shaders/BasePassPixelShader.usf" 1161
"M:/UE4/Engine/Binaries/Win64/../../../Engine/Shaders/BasePassCommon.usf" 1162
"M:/UE4/Engine/Binaries/Win64/../../../Engine/Shaders/ForwardLightingCommon.usf" 1163
"M:/UE4/Engine/Binaries/Win64/../../../Engine/Shaders/BasePassVertexShader.usf" 1164
"M:/UE4/Engine/Binaries/Win64/../../../Engine/Shaders/BasePassVertexCommon.usf" 1165
"M:/UE4/Engine/Binaries/Win64/../../../Engine/Shaders/BasePassTessellationShaders.usf" 1166
"M:/UE4/Engine/Binaries/Win64/../../../Engine/Shaders/AtmospherePrecomputeInscatter.usf" 1167
"M:/UE4/Engine/Binaries/Win64/../../../Engine/Shaders/AtmospherePrecomputeCommon.usf" 1168
"M:/UE4/Engine/Binaries/Win64/../../../Engine/Shaders/AtmospherePrecompute.usf" 1169
"M:/UE4/Engine/Binaries/Win64/../../../Engine/Shaders/AtmosphericFogShader.usf" 1170
"M:/UE4/Engine/Binaries/Win64/../../../Engine/Shaders/ResolveVertexShader.usf" 1171
"M:/UE4/Engine/Binaries/Win64/../../../Engine/Shaders/ResolvePixelShader.usf" 1172
"M:/UE4/Engine/Binaries/Win64/../../../Engine/Shaders/OneColorShader.usf" 1173
"M:/UE4/Engine/Binaries/Win64/../../../Engine/Shaders/MediaShaders.usf" 1174
"M:/UE4/Engine/Binaries/Win64/../../../Engine/Shaders/ClearReplacementShaders.usf" 1175
"../../../../Magisterka/DerivedDataCache/Boot.ddc" 1176
"../../../Engine/Content/EngineFonts/Roboto.uasset" 1177
"../../../Engine/Content/EngineMaterials/Widget3DPassThrough_Translucent.uasset" 1178
"../../../Engine/Content/EngineMaterials/Widget3DPassThrough.uasset" 1179
"../../../Engine/Content/Functions/Engine_MaterialFunctions01/Texturing/ScaleUVsByCenter.uasset" 1180
"../../../Engine/Content/Functions/Engine_MaterialFunctions02/Utility/BreakOutFloat2Components.uasset" 1181
"../../../Engine/Content/Functions/Engine_MaterialFunctions02/ScreenResolution.uasset" 1182
"../../../Engine/Content/Functions/Engine_MaterialFunctions02/Texturing/ScreenAlignedUVs.uasset" 1183
"../../../Engine/Content/EngineResources/WhiteSquareTexture.uasset" 1184
"../../../Engine/Content/Functions/Engine_MaterialFunctions01/Shading/PowerToRoughness.uasset" 1185
"../../../Engine/Content/Functions/Engine_MaterialFunctions01/Shading/ConvertFromDiffSpec.uasset" 1186
"../../../Engine/Content/EngineMaterials/WorldGridMaterial.uasset" 1187
"../../../Engine/Content/Functions/Engine_MaterialFunctions01/Opacity/CameraDepthFade.uasset" 1188
"../../../Engine/Content/EngineMaterials/T_Default_Material_Grid_M.uasset" 1189
"../../../Engine/Content/EngineMaterials/T_Default_Material_Grid_N.uasset" 1190
"../../../Engine/Content/EngineMaterials/DefaultDeferredDecalMaterial.uasset" 1191
"../../../Engine/Content/EngineMaterials/DefaultDiffuse.uasset" 1192
"../../../Engine/Content/EngineMaterials/DefaultLightFunctionMaterial.uasset" 1193
"../../../Engine/Content/EngineMaterials/DefaultPostProcessMaterial.uasset" 1194
"../../../Engine/Content/EngineResources/DefaultTexture.uasset" 1195
"../../../Engine/Config/Android/AndroidEngine.ini" 1196
"../../../Engine/Config/IOS/IOSEngine.ini" 1197
"../../../Engine/DerivedDataCache/7/8/8/MATSM_4F0644619F9C48FF91E0D494C95EB050_PCD3D_SM4_6__BC5N_NOCCBN_DEV_SL_NODBUF___B442C97CD22AAD6659B2F47BF97D65A45E8ED4C1.udd" 1198
"../../../Engine/DerivedDataCache/9/4/4/MATSM_4F0644619F9C48FF91E0D494C95EB050_PCD3D_SM4_6__BC5N_NOCCBN_DEV_SL_NODBUF___070DD6A4D00EFF569BBA8335A2D725DC89A53F4E.udd" 1199
"../../../Engine/DerivedDataCache/9/0/2/MATSM_4F0644619F9C48FF91E0D494C95EB050_PCD3D_SM4_6__BC5N_NOCCBN_DEV_SL_NODBUF___C6CF987B451D27A170FC3713DA3DB86753731B4F.udd" 1200
"../../../Engine/DerivedDataCache/2/7/6/MATSM_4F0644619F9C48FF91E0D494C95EB050_PCD3D_SM4_6__BC5N_NOCCBN_DEV_SL_NODBUF___D7195A55C5EF77650B4A78EE67CCA7EFA6DE6644.udd" 1201
"../../../Engine/DerivedDataCache/5/0/1/MATSM_4F0644619F9C48FF91E0D494C95EB050_PCD3D_SM4_6__BC5N_NOCCBN_DEV_SL_NODBUF___F99550685E832A6EDBBA18A8AD806CD4526E0E2F.udd" 1202
"../../../Engine/DerivedDataCache/8/1/0/MATSM_4F0644619F9C48FF91E0D494C95EB050_PCD3D_SM4_6__BC5N_NOCCBN_DEV_SL_NODBUF___D5708887F1DD4E841272E453B2D583BE67C05131.udd" 1203
"../../../Engine/Content/EngineMaterials/Widget3DPassThrough_Translucent_OneSided.uasset" 1204
"../../../Engine/Content/EngineMaterials/Widget3DPassThrough_Opaque.uasset" 1205
"../../../Engine/DerivedDataCache/2/0/6/MATSM_4F0644619F9C48FF91E0D494C95EB050_PCD3D_SM4_6__BC5N_NOCCBN_DEV_SL_NODBUF___FE46B2602B1D7606629B5654FBCF6E45656CCE2A.udd" 1206
"../../../Engine/Content/EngineMaterials/Widget3DPassThrough_Opaque_OneSided.uasset" 1207
"../../../Engine/DerivedDataCache/9/0/8/MATSM_4F0644619F9C48FF91E0D494C95EB050_PCD3D_SM4_6__BC5N_NOCCBN_DEV_SL_NODBUF___54AEFA66D9886E4B302D51438357907120581C89.udd" 1208
"../../../Engine/Content/EngineMaterials/Widget3DPassThrough_Masked.uasset" 1209
"../../../Engine/DerivedDataCache/6/6/0/MATSM_4F0644619F9C48FF91E0D494C95EB050_PCD3D_SM4_6__BC5N_NOCCBN_DEV_SL_NODBUF___E0B940BA4063887BDA328D7702C20DC3BF4F64C0.udd" 1210
"../../../Engine/Content/EngineMaterials/Widget3DPassThrough_Masked_OneSided.uasset" 1211
"../../../Engine/DerivedDataCache/3/7/2/MATSM_4F0644619F9C48FF91E0D494C95EB050_PCD3D_SM4_6__BC5N_NOCCBN_DEV_SL_NODBUF___E70458A9065F6DA30FF075102ED73ED2410500F3.udd" 1212
"../../../Engine/Content/EditorResources/S_Actor.uasset" 1213
"../../../Engine/Content/EngineResources/AICON-Red.uasset" 1214
"../../../Engine/Content/EngineResources/AICON-Green.uasset" 1215
"M:/Magisterka/Saved/Config/Windows/GameplayTags.ini" 1216
"../../../../Magisterka/Intermediate/Config/CoalescedSourceConfigs/GameplayTags.ini" 1217
"M:/Magisterka/Saved/Config/Windows/TemplateDefs.ini" 1218
"../../../../Magisterka/Intermediate/Config/CoalescedSourceConfigs/TemplateDefs.ini" 1219
"../../../Engine/Content/EditorMeshes/Camera/SM_CraneRig_Base.uasset" 1220
"../../../Engine/Content/EditorMaterials/Camera/MI_CineMat_Rig.uasset" 1221
"../../../Engine/Content/EditorMaterials/Camera/CineMat.uasset" 1222
"../../../Engine/DerivedDataCache/8/8/4/MATSM_4F0644619F9C48FF91E0D494C95EB050_PCD3D_SM4_6__BC5N_NOCCBN_DEV_SL_NODBUF___C2014875EF25976206EF168DFBEF22CA00FA0AB3.udd" 1223
